ERROR - 2025-02-16 08:59:25 --> 22 : The requested URL returned error: 404
CRITICAL - 2025-02-16 09:08:02 --> Undefined variable $meta_title
in APPPATH\Views\partials\title-meta.php on line 2.
 1 APPPATH\Views\partials\title-meta.php(2): CodeIgniter\Debug\Exceptions->errorHandler()
 2 SYSTEMPATH\View\View.php(224): include('D:\\Work\\program_ybb_web\\app\\Views\\partials\\title-meta.php')
 3 SYSTEMPATH\View\View.php(227): CodeIgniter\View\View->CodeIgniter\View\{closure}()
 4 SYSTEMPATH\Common.php(1180): CodeIgniter\View\View->render()
 5 APPPATH\Views\index.php(5): view()
 6 SYSTEMPATH\View\View.php(224): include('D:\\Work\\program_ybb_web\\app\\Views\\index.php')
 7 SYSTEMPATH\View\View.php(227): CodeIgniter\View\View->CodeIgniter\View\{closure}()
 8 SYSTEMPATH\Common.php(1180): CodeIgniter\View\View->render()
 9 APPPATH\Controllers\Dashboard.php(10): view()
10 SYSTEMPATH\CodeIgniter.php(932): App\Controllers\Dashboard->index()
11 SYSTEMPATH\CodeIgniter.php(497): CodeIgniter\CodeIgniter->runController()
12 SYSTEMPATH\CodeIgniter.php(366): CodeIgniter\CodeIgniter->handleRequest()
13 FCPATH\index.php(67): CodeIgniter\CodeIgniter->run()
14 SYSTEMPATH\Commands\Server\rewrite.php(47): require_once('D:\\Work\\program_ybb_web\\public\\index.php')
CRITICAL - 2025-02-16 09:09:49 --> Undefined variable $meta_title
in APPPATH\Views\partials\title-meta.php on line 2.
 1 APPPATH\Views\partials\title-meta.php(2): CodeIgniter\Debug\Exceptions->errorHandler()
 2 SYSTEMPATH\View\View.php(224): include('D:\\Work\\program_ybb_web\\app\\Views\\partials\\title-meta.php')
 3 SYSTEMPATH\View\View.php(227): CodeIgniter\View\View->CodeIgniter\View\{closure}()
 4 SYSTEMPATH\Common.php(1180): CodeIgniter\View\View->render()
 5 APPPATH\Views\layouts-horizontal.php(6): view()
 6 SYSTEMPATH\View\View.php(224): include('D:\\Work\\program_ybb_web\\app\\Views\\layouts-horizontal.php')
 7 SYSTEMPATH\View\View.php(227): CodeIgniter\View\View->CodeIgniter\View\{closure}()
 8 SYSTEMPATH\Common.php(1180): CodeIgniter\View\View->render()
 9 APPPATH\Controllers\Dashboard.php(10): view()
10 SYSTEMPATH\CodeIgniter.php(932): App\Controllers\Dashboard->index()
11 SYSTEMPATH\CodeIgniter.php(497): CodeIgniter\CodeIgniter->runController()
12 SYSTEMPATH\CodeIgniter.php(366): CodeIgniter\CodeIgniter->handleRequest()
13 FCPATH\index.php(67): CodeIgniter\CodeIgniter->run()
14 SYSTEMPATH\Commands\Server\rewrite.php(47): require_once('D:\\Work\\program_ybb_web\\public\\index.php')
CRITICAL - 2025-02-16 09:09:53 --> Undefined variable $meta_title
in APPPATH\Views\partials\title-meta.php on line 2.
 1 APPPATH\Views\partials\title-meta.php(2): CodeIgniter\Debug\Exceptions->errorHandler()
 2 SYSTEMPATH\View\View.php(224): include('D:\\Work\\program_ybb_web\\app\\Views\\partials\\title-meta.php')
 3 SYSTEMPATH\View\View.php(227): CodeIgniter\View\View->CodeIgniter\View\{closure}()
 4 SYSTEMPATH\Common.php(1180): CodeIgniter\View\View->render()
 5 APPPATH\Views\layouts-horizontal.php(6): view()
 6 SYSTEMPATH\View\View.php(224): include('D:\\Work\\program_ybb_web\\app\\Views\\layouts-horizontal.php')
 7 SYSTEMPATH\View\View.php(227): CodeIgniter\View\View->CodeIgniter\View\{closure}()
 8 SYSTEMPATH\Common.php(1180): CodeIgniter\View\View->render()
 9 APPPATH\Controllers\Dashboard.php(10): view()
10 SYSTEMPATH\CodeIgniter.php(932): App\Controllers\Dashboard->index()
11 SYSTEMPATH\CodeIgniter.php(497): CodeIgniter\CodeIgniter->runController()
12 SYSTEMPATH\CodeIgniter.php(366): CodeIgniter\CodeIgniter->handleRequest()
13 FCPATH\index.php(67): CodeIgniter\CodeIgniter->run()
14 SYSTEMPATH\Commands\Server\rewrite.php(47): require_once('D:\\Work\\program_ybb_web\\public\\index.php')
CRITICAL - 2025-02-16 09:10:49 --> Undefined variable $meta_title
in APPPATH\Views\partials\title-meta.php on line 2.
 1 APPPATH\Views\partials\title-meta.php(2): CodeIgniter\Debug\Exceptions->errorHandler()
 2 SYSTEMPATH\View\View.php(224): include('D:\\Work\\program_ybb_web\\app\\Views\\partials\\title-meta.php')
 3 SYSTEMPATH\View\View.php(227): CodeIgniter\View\View->CodeIgniter\View\{closure}()
 4 SYSTEMPATH\Common.php(1180): CodeIgniter\View\View->render()
 5 APPPATH\Views\auth\login.php(5): view()
 6 SYSTEMPATH\View\View.php(224): include('D:\\Work\\program_ybb_web\\app\\Views\\auth\\login.php')
 7 SYSTEMPATH\View\View.php(227): CodeIgniter\View\View->CodeIgniter\View\{closure}()
 8 SYSTEMPATH\Common.php(1180): CodeIgniter\View\View->render()
 9 APPPATH\Controllers\Dashboard.php(10): view()
10 SYSTEMPATH\CodeIgniter.php(932): App\Controllers\Dashboard->index()
11 SYSTEMPATH\CodeIgniter.php(497): CodeIgniter\CodeIgniter->runController()
12 SYSTEMPATH\CodeIgniter.php(366): CodeIgniter\CodeIgniter->handleRequest()
13 FCPATH\index.php(67): CodeIgniter\CodeIgniter->run()
14 SYSTEMPATH\Commands\Server\rewrite.php(47): require_once('D:\\Work\\program_ybb_web\\public\\index.php')
CRITICAL - 2025-02-16 09:11:00 --> Undefined variable $meta_title
in APPPATH\Views\partials\title-meta.php on line 2.
 1 APPPATH\Views\partials\title-meta.php(2): CodeIgniter\Debug\Exceptions->errorHandler()
 2 SYSTEMPATH\View\View.php(224): include('D:\\Work\\program_ybb_web\\app\\Views\\partials\\title-meta.php')
 3 SYSTEMPATH\View\View.php(227): CodeIgniter\View\View->CodeIgniter\View\{closure}()
 4 SYSTEMPATH\Common.php(1180): CodeIgniter\View\View->render()
 5 APPPATH\Views\auth\login.php(5): view()
 6 SYSTEMPATH\View\View.php(224): include('D:\\Work\\program_ybb_web\\app\\Views\\auth\\login.php')
 7 SYSTEMPATH\View\View.php(227): CodeIgniter\View\View->CodeIgniter\View\{closure}()
 8 SYSTEMPATH\Common.php(1180): CodeIgniter\View\View->render()
 9 APPPATH\Controllers\Dashboard.php(10): view()
10 SYSTEMPATH\CodeIgniter.php(932): App\Controllers\Dashboard->index()
11 SYSTEMPATH\CodeIgniter.php(497): CodeIgniter\CodeIgniter->runController()
12 SYSTEMPATH\CodeIgniter.php(366): CodeIgniter\CodeIgniter->handleRequest()
13 FCPATH\index.php(67): CodeIgniter\CodeIgniter->run()
14 SYSTEMPATH\Commands\Server\rewrite.php(47): require_once('D:\\Work\\program_ybb_web\\public\\index.php')
ERROR - 2025-02-16 09:11:04 --> 22 : The requested URL returned error: 404
ERROR - 2025-02-16 09:11:28 --> 22 : The requested URL returned error: 404
CRITICAL - 2025-02-16 09:11:32 --> Undefined variable $meta_title
in APPPATH\Views\partials\title-meta.php on line 2.
 1 APPPATH\Views\partials\title-meta.php(2): CodeIgniter\Debug\Exceptions->errorHandler()
 2 SYSTEMPATH\View\View.php(224): include('D:\\Work\\program_ybb_web\\app\\Views\\partials\\title-meta.php')
 3 SYSTEMPATH\View\View.php(227): CodeIgniter\View\View->CodeIgniter\View\{closure}()
 4 SYSTEMPATH\Common.php(1180): CodeIgniter\View\View->render()
 5 APPPATH\Views\auth\login.php(5): view()
 6 SYSTEMPATH\View\View.php(224): include('D:\\Work\\program_ybb_web\\app\\Views\\auth\\login.php')
 7 SYSTEMPATH\View\View.php(227): CodeIgniter\View\View->CodeIgniter\View\{closure}()
 8 SYSTEMPATH\Common.php(1180): CodeIgniter\View\View->render()
 9 APPPATH\Controllers\Dashboard.php(10): view()
10 SYSTEMPATH\CodeIgniter.php(932): App\Controllers\Dashboard->index()
11 SYSTEMPATH\CodeIgniter.php(497): CodeIgniter\CodeIgniter->runController()
12 SYSTEMPATH\CodeIgniter.php(366): CodeIgniter\CodeIgniter->handleRequest()
13 FCPATH\index.php(67): CodeIgniter\CodeIgniter->run()
14 SYSTEMPATH\Commands\Server\rewrite.php(47): require_once('D:\\Work\\program_ybb_web\\public\\index.php')
CRITICAL - 2025-02-16 09:13:07 --> Undefined variable $meta_title
in APPPATH\Views\partials\title-meta.php on line 2.
 1 APPPATH\Views\partials\title-meta.php(2): CodeIgniter\Debug\Exceptions->errorHandler()
 2 SYSTEMPATH\View\View.php(224): include('D:\\Work\\program_ybb_web\\app\\Views\\partials\\title-meta.php')
 3 SYSTEMPATH\View\View.php(227): CodeIgniter\View\View->CodeIgniter\View\{closure}()
 4 SYSTEMPATH\Common.php(1180): CodeIgniter\View\View->render()
 5 APPPATH\Views\index.php(5): view()
 6 SYSTEMPATH\View\View.php(224): include('D:\\Work\\program_ybb_web\\app\\Views\\index.php')
 7 SYSTEMPATH\View\View.php(227): CodeIgniter\View\View->CodeIgniter\View\{closure}()
 8 SYSTEMPATH\Common.php(1180): CodeIgniter\View\View->render()
 9 APPPATH\Controllers\Dashboard.php(10): view()
10 SYSTEMPATH\CodeIgniter.php(932): App\Controllers\Dashboard->index()
11 SYSTEMPATH\CodeIgniter.php(497): CodeIgniter\CodeIgniter->runController()
12 SYSTEMPATH\CodeIgniter.php(366): CodeIgniter\CodeIgniter->handleRequest()
13 FCPATH\index.php(67): CodeIgniter\CodeIgniter->run()
14 SYSTEMPATH\Commands\Server\rewrite.php(47): require_once('D:\\Work\\program_ybb_web\\public\\index.php')
CRITICAL - 2025-02-16 09:13:10 --> Undefined variable $meta_title
in APPPATH\Views\partials\title-meta.php on line 2.
 1 APPPATH\Views\partials\title-meta.php(2): CodeIgniter\Debug\Exceptions->errorHandler()
 2 SYSTEMPATH\View\View.php(224): include('D:\\Work\\program_ybb_web\\app\\Views\\partials\\title-meta.php')
 3 SYSTEMPATH\View\View.php(227): CodeIgniter\View\View->CodeIgniter\View\{closure}()
 4 SYSTEMPATH\Common.php(1180): CodeIgniter\View\View->render()
 5 APPPATH\Views\index.php(5): view()
 6 SYSTEMPATH\View\View.php(224): include('D:\\Work\\program_ybb_web\\app\\Views\\index.php')
 7 SYSTEMPATH\View\View.php(227): CodeIgniter\View\View->CodeIgniter\View\{closure}()
 8 SYSTEMPATH\Common.php(1180): CodeIgniter\View\View->render()
 9 APPPATH\Controllers\Dashboard.php(10): view()
10 SYSTEMPATH\CodeIgniter.php(932): App\Controllers\Dashboard->index()
11 SYSTEMPATH\CodeIgniter.php(497): CodeIgniter\CodeIgniter->runController()
12 SYSTEMPATH\CodeIgniter.php(366): CodeIgniter\CodeIgniter->handleRequest()
13 FCPATH\index.php(67): CodeIgniter\CodeIgniter->run()
14 SYSTEMPATH\Commands\Server\rewrite.php(47): require_once('D:\\Work\\program_ybb_web\\public\\index.php')
CRITICAL - 2025-02-16 09:15:36 --> Undefined variable $meta_title
in APPPATH\Views\partials\title-meta.php on line 2.
 1 APPPATH\Views\partials\title-meta.php(2): CodeIgniter\Debug\Exceptions->errorHandler()
 2 SYSTEMPATH\View\View.php(224): include('D:\\Work\\program_ybb_web\\app\\Views\\partials\\title-meta.php')
 3 SYSTEMPATH\View\View.php(227): CodeIgniter\View\View->CodeIgniter\View\{closure}()
 4 SYSTEMPATH\Common.php(1180): CodeIgniter\View\View->render()
 5 APPPATH\Views\index.php(5): view()
 6 SYSTEMPATH\View\View.php(224): include('D:\\Work\\program_ybb_web\\app\\Views\\index.php')
 7 SYSTEMPATH\View\View.php(227): CodeIgniter\View\View->CodeIgniter\View\{closure}()
 8 SYSTEMPATH\Common.php(1180): CodeIgniter\View\View->render()
 9 APPPATH\Controllers\Dashboard.php(10): view()
10 SYSTEMPATH\CodeIgniter.php(932): App\Controllers\Dashboard->index()
11 SYSTEMPATH\CodeIgniter.php(497): CodeIgniter\CodeIgniter->runController()
12 SYSTEMPATH\CodeIgniter.php(366): CodeIgniter\CodeIgniter->handleRequest()
13 FCPATH\index.php(67): CodeIgniter\CodeIgniter->run()
14 SYSTEMPATH\Commands\Server\rewrite.php(47): require_once('D:\\Work\\program_ybb_web\\public\\index.php')
