ERROR - 2025-03-08 08:51:29 --> 22 : The requested URL returned error: 404
CRITICAL - 2025-03-08 08:51:31 --> Invalid file: "ybb/home.php"
in SYSTEMPATH\Exceptions\FrameworkException.php on line 33.
 1 SYSTEMPATH\View\View.php(212): CodeIgniter\Exceptions\FrameworkException::forInvalidFile('ybb/home.php')
 2 SYSTEMPATH\Common.php(1180): CodeIgniter\View\View->render('ybb/home', [], true)
 3 APPPATH\Controllers\BaseController.php(101): view('ybb/home', [...])
 4 APPPATH\Controllers\Home.php(22): App\Controllers\BaseController->render('ybb/home', [...])
 5 SYSTEMPATH\CodeIgniter.php(932): App\Controllers\Home->index()
 6 SYSTEMPATH\CodeIgniter.php(497): CodeIgniter\CodeIgniter->runController(Object(App\Controllers\Home))
 7 SYSTEMPATH\CodeIgniter.php(366): CodeIgniter\CodeIgniter->handleRequest(null, Object(Config\Cache), false)
 8 FCPATH\index.php(67): CodeIgniter\CodeIgniter->run()
 9 SYSTEMPATH\Commands\Server\rewrite.php(47): require_once('D:\\Work\\program_ybb_web\\public\\index.php')
ERROR - 2025-03-08 08:51:35 --> 22 : The requested URL returned error: 404
CRITICAL - 2025-03-08 08:51:39 --> Invalid file: "ybb/home.php"
in SYSTEMPATH\Exceptions\FrameworkException.php on line 33.
 1 SYSTEMPATH\View\View.php(212): CodeIgniter\Exceptions\FrameworkException::forInvalidFile('ybb/home.php')
 2 SYSTEMPATH\Common.php(1180): CodeIgniter\View\View->render('ybb/home', [], true)
 3 APPPATH\Controllers\BaseController.php(101): view('ybb/home', [...])
 4 APPPATH\Controllers\Home.php(22): App\Controllers\BaseController->render('ybb/home', [...])
 5 SYSTEMPATH\CodeIgniter.php(932): App\Controllers\Home->index()
 6 SYSTEMPATH\CodeIgniter.php(497): CodeIgniter\CodeIgniter->runController(Object(App\Controllers\Home))
 7 SYSTEMPATH\CodeIgniter.php(366): CodeIgniter\CodeIgniter->handleRequest(null, Object(Config\Cache), false)
 8 FCPATH\index.php(67): CodeIgniter\CodeIgniter->run()
 9 SYSTEMPATH\Commands\Server\rewrite.php(47): require_once('D:\\Work\\program_ybb_web\\public\\index.php')
ERROR - 2025-03-08 08:52:20 --> 22 : The requested URL returned error: 404
CRITICAL - 2025-03-08 08:52:24 --> Invalid file: "ybb/common/navbar.php"
in SYSTEMPATH\Exceptions\FrameworkException.php on line 33.
 1 SYSTEMPATH\View\View.php(212): CodeIgniter\Exceptions\FrameworkException::forInvalidFile('ybb/common/navbar.php')
 2 SYSTEMPATH\View\View.php(452): CodeIgniter\View\View->render('ybb/common/navbar', null, true)
 3 APPPATH\Views\landing\home.php(32): CodeIgniter\View\View->include('ybb/common/navbar')
 4 SYSTEMPATH\View\View.php(224): include('D:\\Work\\program_ybb_web\\app\\Views\\landing\\home.php')
 5 SYSTEMPATH\View\View.php(227): CodeIgniter\View\View->CodeIgniter\View\{closure}()
 6 SYSTEMPATH\Common.php(1180): CodeIgniter\View\View->render('landing/home', [], true)
 7 APPPATH\Controllers\BaseController.php(101): view('landing/home', [...])
 8 APPPATH\Controllers\Home.php(22): App\Controllers\BaseController->render('landing/home', [...])
 9 SYSTEMPATH\CodeIgniter.php(932): App\Controllers\Home->index()
10 SYSTEMPATH\CodeIgniter.php(497): CodeIgniter\CodeIgniter->runController(Object(App\Controllers\Home))
11 SYSTEMPATH\CodeIgniter.php(366): CodeIgniter\CodeIgniter->handleRequest(null, Object(Config\Cache), false)
12 FCPATH\index.php(67): CodeIgniter\CodeIgniter->run()
13 SYSTEMPATH\Commands\Server\rewrite.php(47): require_once('D:\\Work\\program_ybb_web\\public\\index.php')
ERROR - 2025-03-08 08:53:04 --> 22 : The requested URL returned error: 404
CRITICAL - 2025-03-08 08:53:07 --> Invalid file: "ybb/timeline.php"
in SYSTEMPATH\Exceptions\FrameworkException.php on line 33.
 1 SYSTEMPATH\View\View.php(212): CodeIgniter\Exceptions\FrameworkException::forInvalidFile('ybb/timeline.php')
 2 SYSTEMPATH\View\View.php(452): CodeIgniter\View\View->render('ybb/timeline', null, true)
 3 APPPATH\Views\landing\home.php(309): CodeIgniter\View\View->include('ybb/timeline')
 4 SYSTEMPATH\View\View.php(224): include('D:\\Work\\program_ybb_web\\app\\Views\\landing\\home.php')
 5 SYSTEMPATH\View\View.php(227): CodeIgniter\View\View->CodeIgniter\View\{closure}()
 6 SYSTEMPATH\Common.php(1180): CodeIgniter\View\View->render('landing/home', [], true)
 7 APPPATH\Controllers\BaseController.php(101): view('landing/home', [...])
 8 APPPATH\Controllers\Home.php(22): App\Controllers\BaseController->render('landing/home', [...])
 9 SYSTEMPATH\CodeIgniter.php(932): App\Controllers\Home->index()
10 SYSTEMPATH\CodeIgniter.php(497): CodeIgniter\CodeIgniter->runController(Object(App\Controllers\Home))
11 SYSTEMPATH\CodeIgniter.php(366): CodeIgniter\CodeIgniter->handleRequest(null, Object(Config\Cache), false)
12 FCPATH\index.php(67): CodeIgniter\CodeIgniter->run()
13 SYSTEMPATH\Commands\Server\rewrite.php(47): require_once('D:\\Work\\program_ybb_web\\public\\index.php')
ERROR - 2025-03-08 08:53:25 --> 22 : The requested URL returned error: 404
ERROR - 2025-03-08 08:55:00 --> 22 : The requested URL returned error: 404
INFO - 2025-03-08 08:55:05 --> Session: Class initialized using 'CodeIgniter\Session\Handlers\FileHandler' driver.
CRITICAL - 2025-03-08 08:55:06 --> Undefined variable $meta_title
in APPPATH\Views\partials\title-meta.php on line 2.
 1 APPPATH\Views\partials\title-meta.php(2): CodeIgniter\Debug\Exceptions->errorHandler(2, 'Undefined variable $meta_title', 'D:\\Work\\program_ybb_web\\app\\Views\\partials\\title-meta.php', 2)
 2 SYSTEMPATH\View\View.php(224): include('D:\\Work\\program_ybb_web\\app\\Views\\partials\\title-meta.php')
 3 SYSTEMPATH\View\View.php(227): CodeIgniter\View\View->CodeIgniter\View\{closure}()
 4 SYSTEMPATH\Common.php(1180): CodeIgniter\View\View->render('partials/title-meta', [], true)
 5 APPPATH\Views\auth\login.php(5): view('partials/title-meta', [...])
 6 SYSTEMPATH\View\View.php(224): include('D:\\Work\\program_ybb_web\\app\\Views\\auth\\login.php')
 7 SYSTEMPATH\View\View.php(227): CodeIgniter\View\View->CodeIgniter\View\{closure}()
 8 SYSTEMPATH\Common.php(1180): CodeIgniter\View\View->render('auth/login', [], true)
 9 APPPATH\Controllers\Auth.php(10): view('auth/login')
10 SYSTEMPATH\CodeIgniter.php(932): App\Controllers\Auth->index()
11 SYSTEMPATH\CodeIgniter.php(497): CodeIgniter\CodeIgniter->runController(Object(App\Controllers\Auth))
12 SYSTEMPATH\CodeIgniter.php(366): CodeIgniter\CodeIgniter->handleRequest(null, Object(Config\Cache), false)
13 FCPATH\index.php(67): CodeIgniter\CodeIgniter->run()
14 SYSTEMPATH\Commands\Server\rewrite.php(47): require_once('D:\\Work\\program_ybb_web\\public\\index.php')
INFO - 2025-03-08 08:57:05 --> Session: Class initialized using 'CodeIgniter\Session\Handlers\FileHandler' driver.
CRITICAL - 2025-03-08 08:57:07 --> Undefined variable $program_info
in APPPATH\Views\partials\minimal-title-meta.php on line 6.
 1 APPPATH\Views\partials\minimal-title-meta.php(6): CodeIgniter\Debug\Exceptions->errorHandler(2, 'Undefined variable $program_info', 'D:\\Work\\program_ybb_web\\app\\Views\\partials\\minimal-title-meta.php', 6)
 2 SYSTEMPATH\View\View.php(224): include('D:\\Work\\program_ybb_web\\app\\Views\\partials\\minimal-title-meta.php')
 3 SYSTEMPATH\View\View.php(227): CodeIgniter\View\View->CodeIgniter\View\{closure}()
 4 SYSTEMPATH\Common.php(1180): CodeIgniter\View\View->render('partials/minimal-title-meta', [], true)
 5 APPPATH\Views\auth\login.php(5): view('partials/minimal-title-meta', [...])
 6 SYSTEMPATH\View\View.php(224): include('D:\\Work\\program_ybb_web\\app\\Views\\auth\\login.php')
 7 SYSTEMPATH\View\View.php(227): CodeIgniter\View\View->CodeIgniter\View\{closure}()
 8 SYSTEMPATH\Common.php(1180): CodeIgniter\View\View->render('auth/login', [], true)
 9 APPPATH\Controllers\Auth.php(10): view('auth/login')
10 SYSTEMPATH\CodeIgniter.php(932): App\Controllers\Auth->index()
11 SYSTEMPATH\CodeIgniter.php(497): CodeIgniter\CodeIgniter->runController(Object(App\Controllers\Auth))
12 SYSTEMPATH\CodeIgniter.php(366): CodeIgniter\CodeIgniter->handleRequest(null, Object(Config\Cache), false)
13 FCPATH\index.php(67): CodeIgniter\CodeIgniter->run()
14 SYSTEMPATH\Commands\Server\rewrite.php(47): require_once('D:\\Work\\program_ybb_web\\public\\index.php')
ERROR - 2025-03-08 08:59:44 --> 22 : The requested URL returned error: 404
INFO - 2025-03-08 08:59:46 --> Session: Class initialized using 'CodeIgniter\Session\Handlers\FileHandler' driver.
ERROR - 2025-03-08 09:00:05 --> 22 : The requested URL returned error: 404
INFO - 2025-03-08 09:00:09 --> Session: Class initialized using 'CodeIgniter\Session\Handlers\FileHandler' driver.
INFO - 2025-03-08 09:00:09 --> Session: Class initialized using 'CodeIgniter\Session\Handlers\FileHandler' driver.
INFO - 2025-03-08 09:01:26 --> Session: Class initialized using 'CodeIgniter\Session\Handlers\FileHandler' driver.
ERROR - 2025-03-08 09:03:57 --> 22 : The requested URL returned error: 404
INFO - 2025-03-08 09:04:00 --> Session: Class initialized using 'CodeIgniter\Session\Handlers\FileHandler' driver.
INFO - 2025-03-08 09:04:08 --> Session: Class initialized using 'CodeIgniter\Session\Handlers\FileHandler' driver.
ERROR - 2025-03-08 09:05:01 --> 22 : The requested URL returned error: 404
ERROR - 2025-03-08 09:06:58 --> 22 : The requested URL returned error: 404
INFO - 2025-03-08 09:07:02 --> Session: Class initialized using 'CodeIgniter\Session\Handlers\FileHandler' driver.
ERROR - 2025-03-08 09:07:16 --> 22 : The requested URL returned error: 404
INFO - 2025-03-08 09:07:19 --> Session: Class initialized using 'CodeIgniter\Session\Handlers\FileHandler' driver.
ERROR - 2025-03-08 09:07:27 --> 22 : The requested URL returned error: 404
INFO - 2025-03-08 09:07:32 --> Session: Class initialized using 'CodeIgniter\Session\Handlers\FileHandler' driver.
ERROR - 2025-03-08 09:07:52 --> 22 : The requested URL returned error: 404
INFO - 2025-03-08 09:07:56 --> Session: Class initialized using 'CodeIgniter\Session\Handlers\FileHandler' driver.
CRITICAL - 2025-03-08 09:07:56 --> Undefined array key "program_info"
in APPPATH\Controllers\Home.php on line 30.
 1 APPPATH\Controllers\Home.php(30): CodeIgniter\Debug\Exceptions->errorHandler(2, 'Undefined array key "program_info"', 'D:\\Work\\program_ybb_web\\app\\Controllers\\Home.php', 30)
 2 SYSTEMPATH\CodeIgniter.php(932): App\Controllers\Home->index()
 3 SYSTEMPATH\CodeIgniter.php(497): CodeIgniter\CodeIgniter->runController(Object(App\Controllers\Home))
 4 SYSTEMPATH\CodeIgniter.php(366): CodeIgniter\CodeIgniter->handleRequest(null, Object(Config\Cache), false)
 5 FCPATH\index.php(67): CodeIgniter\CodeIgniter->run()
 6 SYSTEMPATH\Commands\Server\rewrite.php(47): require_once('D:\\Work\\program_ybb_web\\public\\index.php')
ERROR - 2025-03-08 09:08:37 --> 22 : The requested URL returned error: 404
INFO - 2025-03-08 09:08:39 --> Session: Class initialized using 'CodeIgniter\Session\Handlers\FileHandler' driver.
ERROR - 2025-03-08 09:09:07 --> 22 : The requested URL returned error: 404
INFO - 2025-03-08 09:09:08 --> Session: Class initialized using 'CodeIgniter\Session\Handlers\FileHandler' driver.
INFO - 2025-03-08 09:10:02 --> Session: Class initialized using 'CodeIgniter\Session\Handlers\FileHandler' driver.
CRITICAL - 2025-03-08 09:10:03 --> Undefined variable $program_info
in APPPATH\Views\auth\sign-in.php on line 140.
 1 APPPATH\Views\auth\sign-in.php(140): CodeIgniter\Debug\Exceptions->errorHandler(2, 'Undefined variable $program_info', 'D:\\Work\\program_ybb_web\\app\\Views\\auth\\sign-in.php', 140)
 2 SYSTEMPATH\View\View.php(224): include('D:\\Work\\program_ybb_web\\app\\Views\\auth\\sign-in.php')
 3 SYSTEMPATH\View\View.php(227): CodeIgniter\View\View->CodeIgniter\View\{closure}()
 4 SYSTEMPATH\Common.php(1180): CodeIgniter\View\View->render('auth/sign-in', [], true)
 5 APPPATH\Controllers\Auth.php(18): view('auth/sign-in', [...])
 6 SYSTEMPATH\CodeIgniter.php(932): App\Controllers\Auth->index()
 7 SYSTEMPATH\CodeIgniter.php(497): CodeIgniter\CodeIgniter->runController(Object(App\Controllers\Auth))
 8 SYSTEMPATH\CodeIgniter.php(366): CodeIgniter\CodeIgniter->handleRequest(null, Object(Config\Cache), false)
 9 FCPATH\index.php(67): CodeIgniter\CodeIgniter->run()
10 SYSTEMPATH\Commands\Server\rewrite.php(47): require_once('D:\\Work\\program_ybb_web\\public\\index.php')
INFO - 2025-03-08 09:10:30 --> Session: Class initialized using 'CodeIgniter\Session\Handlers\FileHandler' driver.
CRITICAL - 2025-03-08 09:10:31 --> Attempt to read property "name" on array
in APPPATH\Views\auth\sign-in.php on line 140.
 1 APPPATH\Views\auth\sign-in.php(140): CodeIgniter\Debug\Exceptions->errorHandler(2, 'Attempt to read property "name" on array', 'D:\\Work\\program_ybb_web\\app\\Views\\auth\\sign-in.php', 140)
 2 SYSTEMPATH\View\View.php(224): include('D:\\Work\\program_ybb_web\\app\\Views\\auth\\sign-in.php')
 3 SYSTEMPATH\View\View.php(227): CodeIgniter\View\View->CodeIgniter\View\{closure}()
 4 SYSTEMPATH\Common.php(1180): CodeIgniter\View\View->render('auth/sign-in', [], true)
 5 APPPATH\Controllers\BaseController.php(101): view('auth/sign-in', [...])
 6 APPPATH\Controllers\Auth.php(18): App\Controllers\BaseController->render('auth/sign-in', [...])
 7 SYSTEMPATH\CodeIgniter.php(932): App\Controllers\Auth->index()
 8 SYSTEMPATH\CodeIgniter.php(497): CodeIgniter\CodeIgniter->runController(Object(App\Controllers\Auth))
 9 SYSTEMPATH\CodeIgniter.php(366): CodeIgniter\CodeIgniter->handleRequest(null, Object(Config\Cache), false)
10 FCPATH\index.php(67): CodeIgniter\CodeIgniter->run()
11 SYSTEMPATH\Commands\Server\rewrite.php(47): require_once('D:\\Work\\program_ybb_web\\public\\index.php')
INFO - 2025-03-08 09:10:36 --> Session: Class initialized using 'CodeIgniter\Session\Handlers\FileHandler' driver.
CRITICAL - 2025-03-08 09:10:38 --> Attempt to read property "name" on array
in APPPATH\Views\auth\sign-in.php on line 140.
 1 APPPATH\Views\auth\sign-in.php(140): CodeIgniter\Debug\Exceptions->errorHandler(2, 'Attempt to read property "name" on array', 'D:\\Work\\program_ybb_web\\app\\Views\\auth\\sign-in.php', 140)
 2 SYSTEMPATH\View\View.php(224): include('D:\\Work\\program_ybb_web\\app\\Views\\auth\\sign-in.php')
 3 SYSTEMPATH\View\View.php(227): CodeIgniter\View\View->CodeIgniter\View\{closure}()
 4 SYSTEMPATH\Common.php(1180): CodeIgniter\View\View->render('auth/sign-in', [], true)
 5 APPPATH\Controllers\BaseController.php(101): view('auth/sign-in', [...])
 6 APPPATH\Controllers\Auth.php(18): App\Controllers\BaseController->render('auth/sign-in', [...])
 7 SYSTEMPATH\CodeIgniter.php(932): App\Controllers\Auth->index()
 8 SYSTEMPATH\CodeIgniter.php(497): CodeIgniter\CodeIgniter->runController(Object(App\Controllers\Auth))
 9 SYSTEMPATH\CodeIgniter.php(366): CodeIgniter\CodeIgniter->handleRequest(null, Object(Config\Cache), false)
10 FCPATH\index.php(67): CodeIgniter\CodeIgniter->run()
11 SYSTEMPATH\Commands\Server\rewrite.php(47): require_once('D:\\Work\\program_ybb_web\\public\\index.php')
INFO - 2025-03-08 09:11:16 --> Session: Class initialized using 'CodeIgniter\Session\Handlers\FileHandler' driver.
INFO - 2025-03-08 09:13:57 --> Session: Class initialized using 'CodeIgniter\Session\Handlers\FileHandler' driver.
INFO - 2025-03-08 09:14:06 --> Session: Class initialized using 'CodeIgniter\Session\Handlers\FileHandler' driver.
INFO - 2025-03-08 09:15:18 --> Session: Class initialized using 'CodeIgniter\Session\Handlers\FileHandler' driver.
INFO - 2025-03-08 09:15:39 --> Session: Class initialized using 'CodeIgniter\Session\Handlers\FileHandler' driver.
ERROR - 2025-03-08 09:16:05 --> 22 : The requested URL returned error: 404
