CRITICAL - 2025-01-14 09:45:50 --> Object of class stdClass could not be converted to string
in APPPATH\Controllers\BaseController.php on line 92.
 1 SYSTEMPATH\CodeIgniter.php(905): App\Controllers\BaseController->initController()
 2 SYSTEMPATH\CodeIgniter.php(488): CodeIgniter\CodeIgniter->createController()
 3 SYSTEMPATH\CodeIgniter.php(366): CodeIgniter\CodeIgniter->handleRequest()
 4 FCPATH\index.php(67): CodeIgniter\CodeIgniter->run()
 5 SYSTEMPATH\Commands\Server\rewrite.php(47): require_once('D:\\Work\\default\\public\\index.php')
CRITICAL - 2025-01-14 09:47:25 --> Object of class CodeIgniter\HTTP\Response could not be converted to string
in APPPATH\Controllers\BaseController.php on line 113.
 1 APPPATH\Controllers\BaseController.php(90): App\Controllers\BaseController->makeGetRequest()
 2 SYSTEMPATH\CodeIgniter.php(905): App\Controllers\BaseController->initController()
 3 SYSTEMPATH\CodeIgniter.php(488): CodeIgniter\CodeIgniter->createController()
 4 SYSTEMPATH\CodeIgniter.php(366): CodeIgniter\CodeIgniter->handleRequest()
 5 FCPATH\index.php(67): CodeIgniter\CodeIgniter->run()
 6 SYSTEMPATH\Commands\Server\rewrite.php(47): require_once('D:\\Work\\default\\public\\index.php')
CRITICAL - 2025-01-14 09:47:30 --> Object of class CodeIgniter\HTTP\Response could not be converted to string
in APPPATH\Controllers\BaseController.php on line 112.
 1 APPPATH\Controllers\BaseController.php(90): App\Controllers\BaseController->makeGetRequest()
 2 SYSTEMPATH\CodeIgniter.php(905): App\Controllers\BaseController->initController()
 3 SYSTEMPATH\CodeIgniter.php(488): CodeIgniter\CodeIgniter->createController()
 4 SYSTEMPATH\CodeIgniter.php(366): CodeIgniter\CodeIgniter->handleRequest()
 5 FCPATH\index.php(67): CodeIgniter\CodeIgniter->run()
 6 SYSTEMPATH\Commands\Server\rewrite.php(47): require_once('D:\\Work\\default\\public\\index.php')
ERROR - 2025-01-14 09:47:55 --> 28 : Failed to connect to master-api.ybbfoundation.com port 443 after 21031 ms: Couldn't connect to server
CRITICAL - 2025-01-14 09:47:55 --> Undefined array key "title"
in APPPATH\Controllers\Announcements.php on line 10.
 1 APPPATH\Controllers\Announcements.php(10): CodeIgniter\Debug\Exceptions->errorHandler()
 2 SYSTEMPATH\CodeIgniter.php(932): App\Controllers\Announcements->index()
 3 SYSTEMPATH\CodeIgniter.php(497): CodeIgniter\CodeIgniter->runController()
 4 SYSTEMPATH\CodeIgniter.php(366): CodeIgniter\CodeIgniter->handleRequest()
 5 FCPATH\index.php(67): CodeIgniter\CodeIgniter->run()
 6 SYSTEMPATH\Commands\Server\rewrite.php(47): require_once('D:\\Work\\default\\public\\index.php')
CRITICAL - 2025-01-14 09:47:55 --> Object of class CodeIgniter\HTTP\Response could not be converted to string
in APPPATH\Controllers\BaseController.php on line 112.
 1 APPPATH\Controllers\BaseController.php(90): App\Controllers\BaseController->makeGetRequest()
 2 SYSTEMPATH\CodeIgniter.php(905): App\Controllers\BaseController->initController()
 3 SYSTEMPATH\CodeIgniter.php(488): CodeIgniter\CodeIgniter->createController()
 4 SYSTEMPATH\CodeIgniter.php(366): CodeIgniter\CodeIgniter->handleRequest()
 5 FCPATH\index.php(67): CodeIgniter\CodeIgniter->run()
 6 SYSTEMPATH\Commands\Server\rewrite.php(47): require_once('D:\\Work\\default\\public\\index.php')
CRITICAL - 2025-01-14 09:48:52 --> Undefined array key "title"
in APPPATH\Controllers\Announcements.php on line 10.
 1 APPPATH\Controllers\Announcements.php(10): CodeIgniter\Debug\Exceptions->errorHandler()
 2 SYSTEMPATH\CodeIgniter.php(932): App\Controllers\Announcements->index()
 3 SYSTEMPATH\CodeIgniter.php(497): CodeIgniter\CodeIgniter->runController()
 4 SYSTEMPATH\CodeIgniter.php(366): CodeIgniter\CodeIgniter->handleRequest()
 5 FCPATH\index.php(67): CodeIgniter\CodeIgniter->run()
 6 SYSTEMPATH\Commands\Server\rewrite.php(47): require_once('D:\\Work\\default\\public\\index.php')
ERROR - 2025-01-14 09:59:22 --> 28 : Failed to connect to master-api.ybbfoundation.com port 443 after 21033 ms: Couldn't connect to server
CRITICAL - 2025-01-14 10:00:34 --> Undefined variable $data
in APPPATH\Views\ybb\announcements.php on line 38.
 1 APPPATH\Views\ybb\announcements.php(38): CodeIgniter\Debug\Exceptions->errorHandler()
 2 SYSTEMPATH\View\View.php(224): include('D:\\Work\\default\\app\\Views\\ybb\\announcements.php')
 3 SYSTEMPATH\View\View.php(227): CodeIgniter\View\View->CodeIgniter\View\{closure}()
 4 SYSTEMPATH\Common.php(1180): CodeIgniter\View\View->render()
 5 APPPATH\Controllers\BaseController.php(97): view()
 6 APPPATH\Controllers\Announcements.php(9): App\Controllers\BaseController->render()
 7 SYSTEMPATH\CodeIgniter.php(932): App\Controllers\Announcements->index()
 8 SYSTEMPATH\CodeIgniter.php(497): CodeIgniter\CodeIgniter->runController()
 9 SYSTEMPATH\CodeIgniter.php(366): CodeIgniter\CodeIgniter->handleRequest()
10 FCPATH\index.php(67): CodeIgniter\CodeIgniter->run()
11 SYSTEMPATH\Commands\Server\rewrite.php(47): require_once('D:\\Work\\default\\public\\index.php')
CRITICAL - 2025-01-14 10:02:32 --> Cannot access offset of type string on string
in APPPATH\Controllers\BaseController.php on line 113.
 1 APPPATH\Controllers\BaseController.php(90): App\Controllers\BaseController->makeGetRequest()
 2 SYSTEMPATH\CodeIgniter.php(905): App\Controllers\BaseController->initController()
 3 SYSTEMPATH\CodeIgniter.php(488): CodeIgniter\CodeIgniter->createController()
 4 SYSTEMPATH\CodeIgniter.php(366): CodeIgniter\CodeIgniter->handleRequest()
 5 FCPATH\index.php(67): CodeIgniter\CodeIgniter->run()
 6 SYSTEMPATH\Commands\Server\rewrite.php(47): require_once('D:\\Work\\default\\public\\index.php')
CRITICAL - 2025-01-14 10:02:45 --> Cannot access offset of type string on string
in APPPATH\Controllers\BaseController.php on line 92.
 1 SYSTEMPATH\CodeIgniter.php(905): App\Controllers\BaseController->initController()
 2 SYSTEMPATH\CodeIgniter.php(488): CodeIgniter\CodeIgniter->createController()
 3 SYSTEMPATH\CodeIgniter.php(366): CodeIgniter\CodeIgniter->handleRequest()
 4 FCPATH\index.php(67): CodeIgniter\CodeIgniter->run()
 5 SYSTEMPATH\Commands\Server\rewrite.php(47): require_once('D:\\Work\\default\\public\\index.php')
CRITICAL - 2025-01-14 10:02:47 --> Cannot access offset of type string on string
in APPPATH\Controllers\BaseController.php on line 92.
 1 SYSTEMPATH\CodeIgniter.php(905): App\Controllers\BaseController->initController()
 2 SYSTEMPATH\CodeIgniter.php(488): CodeIgniter\CodeIgniter->createController()
 3 SYSTEMPATH\CodeIgniter.php(366): CodeIgniter\CodeIgniter->handleRequest()
 4 FCPATH\index.php(67): CodeIgniter\CodeIgniter->run()
 5 SYSTEMPATH\Commands\Server\rewrite.php(47): require_once('D:\\Work\\default\\public\\index.php')
CRITICAL - 2025-01-14 10:02:49 --> Cannot access offset of type string on string
in APPPATH\Controllers\BaseController.php on line 92.
 1 SYSTEMPATH\CodeIgniter.php(905): App\Controllers\BaseController->initController()
 2 SYSTEMPATH\CodeIgniter.php(488): CodeIgniter\CodeIgniter->createController()
 3 SYSTEMPATH\CodeIgniter.php(366): CodeIgniter\CodeIgniter->handleRequest()
 4 FCPATH\index.php(67): CodeIgniter\CodeIgniter->run()
 5 SYSTEMPATH\Commands\Server\rewrite.php(47): require_once('D:\\Work\\default\\public\\index.php')
CRITICAL - 2025-01-14 10:05:12 --> Undefined array key "name"
in APPPATH\Controllers\BaseController.php on line 92.
 1 APPPATH\Controllers\BaseController.php(92): CodeIgniter\Debug\Exceptions->errorHandler()
 2 SYSTEMPATH\CodeIgniter.php(905): App\Controllers\BaseController->initController()
 3 SYSTEMPATH\CodeIgniter.php(488): CodeIgniter\CodeIgniter->createController()
 4 SYSTEMPATH\CodeIgniter.php(366): CodeIgniter\CodeIgniter->handleRequest()
 5 FCPATH\index.php(67): CodeIgniter\CodeIgniter->run()
 6 SYSTEMPATH\Commands\Server\rewrite.php(47): require_once('D:\\Work\\default\\public\\index.php')
ERROR - 2025-01-14 10:05:59 --> Array to string conversion
ERROR - 2025-01-14 10:06:24 --> Array to string conversion
CRITICAL - 2025-01-14 10:06:33 --> Array callback has to contain indices 0 and 1
in APPPATH\Controllers\BaseController.php on line 118.
 1 APPPATH\Controllers\BaseController.php(90): App\Controllers\BaseController->makeGetRequest()
 2 SYSTEMPATH\CodeIgniter.php(905): App\Controllers\BaseController->initController()
 3 SYSTEMPATH\CodeIgniter.php(488): CodeIgniter\CodeIgniter->createController()
 4 SYSTEMPATH\CodeIgniter.php(366): CodeIgniter\CodeIgniter->handleRequest()
 5 FCPATH\index.php(67): CodeIgniter\CodeIgniter->run()
 6 SYSTEMPATH\Commands\Server\rewrite.php(47): require_once('D:\\Work\\default\\public\\index.php')
CRITICAL - 2025-01-14 10:07:23 --> Array to string conversion
in APPPATH\Controllers\BaseController.php on line 92.
 1 APPPATH\Controllers\BaseController.php(92): CodeIgniter\Debug\Exceptions->errorHandler()
 2 SYSTEMPATH\CodeIgniter.php(905): App\Controllers\BaseController->initController()
 3 SYSTEMPATH\CodeIgniter.php(488): CodeIgniter\CodeIgniter->createController()
 4 SYSTEMPATH\CodeIgniter.php(366): CodeIgniter\CodeIgniter->handleRequest()
 5 FCPATH\index.php(67): CodeIgniter\CodeIgniter->run()
 6 SYSTEMPATH\Commands\Server\rewrite.php(47): require_once('D:\\Work\\default\\public\\index.php')
CRITICAL - 2025-01-14 10:07:38 --> Undefined array key "name"
in APPPATH\Controllers\BaseController.php on line 92.
 1 APPPATH\Controllers\BaseController.php(92): CodeIgniter\Debug\Exceptions->errorHandler()
 2 SYSTEMPATH\CodeIgniter.php(905): App\Controllers\BaseController->initController()
 3 SYSTEMPATH\CodeIgniter.php(488): CodeIgniter\CodeIgniter->createController()
 4 SYSTEMPATH\CodeIgniter.php(366): CodeIgniter\CodeIgniter->handleRequest()
 5 FCPATH\index.php(67): CodeIgniter\CodeIgniter->run()
 6 SYSTEMPATH\Commands\Server\rewrite.php(47): require_once('D:\\Work\\default\\public\\index.php')
CRITICAL - 2025-01-14 10:19:08 --> Undefined variable $title
in APPPATH\Views\ybb\announcements.php on line 27.
 1 APPPATH\Views\ybb\announcements.php(27): CodeIgniter\Debug\Exceptions->errorHandler()
 2 SYSTEMPATH\View\View.php(224): include('D:\\Work\\default\\app\\Views\\ybb\\announcements.php')
 3 SYSTEMPATH\View\View.php(227): CodeIgniter\View\View->CodeIgniter\View\{closure}()
 4 SYSTEMPATH\Common.php(1180): CodeIgniter\View\View->render()
 5 APPPATH\Controllers\BaseController.php(97): view()
 6 APPPATH\Controllers\Announcements.php(15): App\Controllers\BaseController->render()
 7 SYSTEMPATH\CodeIgniter.php(932): App\Controllers\Announcements->index()
 8 SYSTEMPATH\CodeIgniter.php(497): CodeIgniter\CodeIgniter->runController()
 9 SYSTEMPATH\CodeIgniter.php(366): CodeIgniter\CodeIgniter->handleRequest()
10 FCPATH\index.php(67): CodeIgniter\CodeIgniter->run()
11 SYSTEMPATH\Commands\Server\rewrite.php(47): require_once('D:\\Work\\default\\public\\index.php')
CRITICAL - 2025-01-14 10:27:56 --> Undefined array key "image"
in APPPATH\Views\ybb\announcements.php on line 131.
 1 APPPATH\Views\ybb\announcements.php(131): CodeIgniter\Debug\Exceptions->errorHandler()
 2 SYSTEMPATH\View\View.php(224): include('D:\\Work\\default\\app\\Views\\ybb\\announcements.php')
 3 SYSTEMPATH\View\View.php(227): CodeIgniter\View\View->CodeIgniter\View\{closure}()
 4 SYSTEMPATH\Common.php(1180): CodeIgniter\View\View->render()
 5 APPPATH\Controllers\BaseController.php(101): view()
 6 APPPATH\Controllers\Announcements.php(15): App\Controllers\BaseController->render()
 7 SYSTEMPATH\CodeIgniter.php(932): App\Controllers\Announcements->index()
 8 SYSTEMPATH\CodeIgniter.php(497): CodeIgniter\CodeIgniter->runController()
 9 SYSTEMPATH\CodeIgniter.php(366): CodeIgniter\CodeIgniter->handleRequest()
10 FCPATH\index.php(67): CodeIgniter\CodeIgniter->run()
11 SYSTEMPATH\Commands\Server\rewrite.php(47): require_once('D:\\Work\\default\\public\\index.php')
CRITICAL - 2025-01-14 10:31:40 --> Undefined array key "comments"
in APPPATH\Views\ybb\announcements.php on line 139.
 1 APPPATH\Views\ybb\announcements.php(139): CodeIgniter\Debug\Exceptions->errorHandler()
 2 SYSTEMPATH\View\View.php(224): include('D:\\Work\\default\\app\\Views\\ybb\\announcements.php')
 3 SYSTEMPATH\View\View.php(227): CodeIgniter\View\View->CodeIgniter\View\{closure}()
 4 SYSTEMPATH\Common.php(1180): CodeIgniter\View\View->render()
 5 APPPATH\Controllers\BaseController.php(101): view()
 6 APPPATH\Controllers\Announcements.php(15): App\Controllers\BaseController->render()
 7 SYSTEMPATH\CodeIgniter.php(932): App\Controllers\Announcements->index()
 8 SYSTEMPATH\CodeIgniter.php(497): CodeIgniter\CodeIgniter->runController()
 9 SYSTEMPATH\CodeIgniter.php(366): CodeIgniter\CodeIgniter->handleRequest()
10 FCPATH\index.php(67): CodeIgniter\CodeIgniter->run()
11 SYSTEMPATH\Commands\Server\rewrite.php(47): require_once('D:\\Work\\default\\public\\index.php')
CRITICAL - 2025-01-14 10:31:42 --> Undefined array key "comments"
in APPPATH\Views\ybb\announcements.php on line 139.
 1 APPPATH\Views\ybb\announcements.php(139): CodeIgniter\Debug\Exceptions->errorHandler()
 2 SYSTEMPATH\View\View.php(224): include('D:\\Work\\default\\app\\Views\\ybb\\announcements.php')
 3 SYSTEMPATH\View\View.php(227): CodeIgniter\View\View->CodeIgniter\View\{closure}()
 4 SYSTEMPATH\Common.php(1180): CodeIgniter\View\View->render()
 5 APPPATH\Controllers\BaseController.php(101): view()
 6 APPPATH\Controllers\Announcements.php(15): App\Controllers\BaseController->render()
 7 SYSTEMPATH\CodeIgniter.php(932): App\Controllers\Announcements->index()
 8 SYSTEMPATH\CodeIgniter.php(497): CodeIgniter\CodeIgniter->runController()
 9 SYSTEMPATH\CodeIgniter.php(366): CodeIgniter\CodeIgniter->handleRequest()
10 FCPATH\index.php(67): CodeIgniter\CodeIgniter->run()
11 SYSTEMPATH\Commands\Server\rewrite.php(47): require_once('D:\\Work\\default\\public\\index.php')
CRITICAL - 2025-01-14 11:14:46 --> Undefined variable $meta_title
in APPPATH\Views\partials\title-meta.php on line 2.
 1 APPPATH\Views\partials\title-meta.php(2): CodeIgniter\Debug\Exceptions->errorHandler()
 2 SYSTEMPATH\View\View.php(224): include('D:\\Work\\default\\app\\Views\\partials\\title-meta.php')
 3 SYSTEMPATH\View\View.php(227): CodeIgniter\View\View->CodeIgniter\View\{closure}()
 4 SYSTEMPATH\Common.php(1180): CodeIgniter\View\View->render()
 5 APPPATH\Views\job-landing.php(5): view()
 6 SYSTEMPATH\View\View.php(224): include('D:\\Work\\default\\app\\Views\\job-landing.php')
 7 SYSTEMPATH\View\View.php(227): CodeIgniter\View\View->CodeIgniter\View\{closure}()
 8 SYSTEMPATH\Common.php(1180): CodeIgniter\View\View->render()
 9 APPPATH\Controllers\AboutUs.php(9): view()
10 SYSTEMPATH\CodeIgniter.php(932): App\Controllers\AboutUs->index()
11 SYSTEMPATH\CodeIgniter.php(497): CodeIgniter\CodeIgniter->runController()
12 SYSTEMPATH\CodeIgniter.php(366): CodeIgniter\CodeIgniter->handleRequest()
13 FCPATH\index.php(67): CodeIgniter\CodeIgniter->run()
14 SYSTEMPATH\Commands\Server\rewrite.php(47): require_once('D:\\Work\\default\\public\\index.php')
CRITICAL - 2025-01-14 11:19:07 --> Invalid file: "ybb/announcement-details.php"
in SYSTEMPATH\Exceptions\FrameworkException.php on line 33.
 1 SYSTEMPATH\View\View.php(212): CodeIgniter\Exceptions\FrameworkException::forInvalidFile()
 2 SYSTEMPATH\Common.php(1180): CodeIgniter\View\View->render()
 3 APPPATH\Controllers\BaseController.php(101): view()
 4 APPPATH\Controllers\Announcements.php(38): App\Controllers\BaseController->render()
 5 SYSTEMPATH\CodeIgniter.php(932): App\Controllers\Announcements->details()
 6 SYSTEMPATH\CodeIgniter.php(497): CodeIgniter\CodeIgniter->runController()
 7 SYSTEMPATH\CodeIgniter.php(366): CodeIgniter\CodeIgniter->handleRequest()
 8 FCPATH\index.php(67): CodeIgniter\CodeIgniter->run()
 9 SYSTEMPATH\Commands\Server\rewrite.php(47): require_once('D:\\Work\\default\\public\\index.php')
CRITICAL - 2025-01-14 11:20:00 --> Invalid file: "ybb/announcement-details.php"
in SYSTEMPATH\Exceptions\FrameworkException.php on line 33.
 1 SYSTEMPATH\View\View.php(212): CodeIgniter\Exceptions\FrameworkException::forInvalidFile()
 2 SYSTEMPATH\Common.php(1180): CodeIgniter\View\View->render()
 3 APPPATH\Controllers\BaseController.php(101): view()
 4 APPPATH\Controllers\Announcements.php(38): App\Controllers\BaseController->render()
 5 SYSTEMPATH\CodeIgniter.php(932): App\Controllers\Announcements->details()
 6 SYSTEMPATH\CodeIgniter.php(497): CodeIgniter\CodeIgniter->runController()
 7 SYSTEMPATH\CodeIgniter.php(366): CodeIgniter\CodeIgniter->handleRequest()
 8 FCPATH\index.php(67): CodeIgniter\CodeIgniter->run()
 9 SYSTEMPATH\Commands\Server\rewrite.php(47): require_once('D:\\Work\\default\\public\\index.php')
CRITICAL - 2025-01-14 11:20:06 --> Invalid file: "ybb/announcement-details.php"
in SYSTEMPATH\Exceptions\FrameworkException.php on line 33.
 1 SYSTEMPATH\View\View.php(212): CodeIgniter\Exceptions\FrameworkException::forInvalidFile()
 2 SYSTEMPATH\Common.php(1180): CodeIgniter\View\View->render()
 3 APPPATH\Controllers\BaseController.php(101): view()
 4 APPPATH\Controllers\Announcements.php(38): App\Controllers\BaseController->render()
 5 SYSTEMPATH\CodeIgniter.php(932): App\Controllers\Announcements->details()
 6 SYSTEMPATH\CodeIgniter.php(497): CodeIgniter\CodeIgniter->runController()
 7 SYSTEMPATH\CodeIgniter.php(366): CodeIgniter\CodeIgniter->handleRequest()
 8 FCPATH\index.php(67): CodeIgniter\CodeIgniter->run()
 9 SYSTEMPATH\Commands\Server\rewrite.php(47): require_once('D:\\Work\\default\\public\\index.php')
ERROR - 2025-01-14 11:22:45 --> 28 : Failed to connect to master-api.ybbfoundation.com port 443 after 21097 ms: Couldn't connect to server
CRITICAL - 2025-01-14 11:22:45 --> Invalid file: "ybb/announcement-detail.php"
in SYSTEMPATH\Exceptions\FrameworkException.php on line 33.
 1 SYSTEMPATH\View\View.php(212): CodeIgniter\Exceptions\FrameworkException::forInvalidFile()
 2 SYSTEMPATH\Common.php(1180): CodeIgniter\View\View->render()
 3 APPPATH\Controllers\BaseController.php(101): view()
 4 APPPATH\Controllers\Announcements.php(38): App\Controllers\BaseController->render()
 5 SYSTEMPATH\CodeIgniter.php(932): App\Controllers\Announcements->details()
 6 SYSTEMPATH\CodeIgniter.php(497): CodeIgniter\CodeIgniter->runController()
 7 SYSTEMPATH\CodeIgniter.php(366): CodeIgniter\CodeIgniter->handleRequest()
 8 FCPATH\index.php(67): CodeIgniter\CodeIgniter->run()
 9 SYSTEMPATH\Commands\Server\rewrite.php(47): require_once('D:\\Work\\default\\public\\index.php')
ERROR - 2025-01-14 11:23:06 --> 28 : Failed to connect to master-api.ybbfoundation.com port 443 after 21041 ms: Couldn't connect to server
CRITICAL - 2025-01-14 11:23:06 --> foreach() argument must be of type array|object, null given
in APPPATH\Views\ybb\announcements.php on line 48.
 1 APPPATH\Views\ybb\announcements.php(48): CodeIgniter\Debug\Exceptions->errorHandler()
 2 SYSTEMPATH\View\View.php(224): include('D:\\Work\\default\\app\\Views\\ybb\\announcements.php')
 3 SYSTEMPATH\View\View.php(227): CodeIgniter\View\View->CodeIgniter\View\{closure}()
 4 SYSTEMPATH\Common.php(1180): CodeIgniter\View\View->render()
 5 APPPATH\Controllers\BaseController.php(101): view()
 6 APPPATH\Controllers\Announcements.php(14): App\Controllers\BaseController->render()
 7 SYSTEMPATH\CodeIgniter.php(932): App\Controllers\Announcements->index()
 8 SYSTEMPATH\CodeIgniter.php(497): CodeIgniter\CodeIgniter->runController()
 9 SYSTEMPATH\CodeIgniter.php(366): CodeIgniter\CodeIgniter->handleRequest()
10 FCPATH\index.php(67): CodeIgniter\CodeIgniter->run()
11 SYSTEMPATH\Commands\Server\rewrite.php(47): require_once('D:\\Work\\default\\public\\index.php')
CRITICAL - 2025-01-14 11:23:19 --> Invalid file: "ybb/announcement-detail.php"
in SYSTEMPATH\Exceptions\FrameworkException.php on line 33.
 1 SYSTEMPATH\View\View.php(212): CodeIgniter\Exceptions\FrameworkException::forInvalidFile()
 2 SYSTEMPATH\Common.php(1180): CodeIgniter\View\View->render()
 3 APPPATH\Controllers\BaseController.php(101): view()
 4 APPPATH\Controllers\Announcements.php(38): App\Controllers\BaseController->render()
 5 SYSTEMPATH\CodeIgniter.php(932): App\Controllers\Announcements->details()
 6 SYSTEMPATH\CodeIgniter.php(497): CodeIgniter\CodeIgniter->runController()
 7 SYSTEMPATH\CodeIgniter.php(366): CodeIgniter\CodeIgniter->handleRequest()
 8 FCPATH\index.php(67): CodeIgniter\CodeIgniter->run()
 9 SYSTEMPATH\Commands\Server\rewrite.php(47): require_once('D:\\Work\\default\\public\\index.php')
CRITICAL - 2025-01-14 11:24:26 --> Invalid file: "ybb/announcement-detail.php"
in SYSTEMPATH\Exceptions\FrameworkException.php on line 33.
 1 SYSTEMPATH\View\View.php(212): CodeIgniter\Exceptions\FrameworkException::forInvalidFile()
 2 SYSTEMPATH\Common.php(1180): CodeIgniter\View\View->render()
 3 APPPATH\Controllers\BaseController.php(101): view()
 4 APPPATH\Controllers\Announcements.php(42): App\Controllers\BaseController->render()
 5 SYSTEMPATH\CodeIgniter.php(932): App\Controllers\Announcements->details()
 6 SYSTEMPATH\CodeIgniter.php(497): CodeIgniter\CodeIgniter->runController()
 7 SYSTEMPATH\CodeIgniter.php(366): CodeIgniter\CodeIgniter->handleRequest()
 8 FCPATH\index.php(67): CodeIgniter\CodeIgniter->run()
 9 SYSTEMPATH\Commands\Server\rewrite.php(47): require_once('D:\\Work\\default\\public\\index.php')
CRITICAL - 2025-01-14 11:27:15 --> Invalid file: "ybb/announcement-detail.php"
in SYSTEMPATH\Exceptions\FrameworkException.php on line 33.
 1 SYSTEMPATH\View\View.php(212): CodeIgniter\Exceptions\FrameworkException::forInvalidFile()
 2 SYSTEMPATH\Common.php(1180): CodeIgniter\View\View->render()
 3 APPPATH\Controllers\BaseController.php(101): view()
 4 APPPATH\Controllers\Announcements.php(42): App\Controllers\BaseController->render()
 5 SYSTEMPATH\CodeIgniter.php(932): App\Controllers\Announcements->details()
 6 SYSTEMPATH\CodeIgniter.php(497): CodeIgniter\CodeIgniter->runController()
 7 SYSTEMPATH\CodeIgniter.php(366): CodeIgniter\CodeIgniter->handleRequest()
 8 FCPATH\index.php(67): CodeIgniter\CodeIgniter->run()
 9 SYSTEMPATH\Commands\Server\rewrite.php(47): require_once('D:\\Work\\default\\public\\index.php')
CRITICAL - 2025-01-14 11:27:33 --> Invalid file: "ybb/announcement-detail.php"
in SYSTEMPATH\Exceptions\FrameworkException.php on line 33.
 1 SYSTEMPATH\View\View.php(212): CodeIgniter\Exceptions\FrameworkException::forInvalidFile()
 2 SYSTEMPATH\Common.php(1180): CodeIgniter\View\View->render()
 3 APPPATH\Controllers\BaseController.php(101): view()
 4 APPPATH\Controllers\Announcements.php(38): App\Controllers\BaseController->render()
 5 SYSTEMPATH\CodeIgniter.php(932): App\Controllers\Announcements->details()
 6 SYSTEMPATH\CodeIgniter.php(497): CodeIgniter\CodeIgniter->runController()
 7 SYSTEMPATH\CodeIgniter.php(366): CodeIgniter\CodeIgniter->handleRequest()
 8 FCPATH\index.php(67): CodeIgniter\CodeIgniter->run()
 9 SYSTEMPATH\Commands\Server\rewrite.php(47): require_once('D:\\Work\\default\\public\\index.php')
CRITICAL - 2025-01-14 11:34:34 --> Undefined variable $meta_title
in APPPATH\Views\partials\title-meta.php on line 2.
 1 APPPATH\Views\partials\title-meta.php(2): CodeIgniter\Debug\Exceptions->errorHandler()
 2 SYSTEMPATH\View\View.php(224): include('D:\\Work\\default\\app\\Views\\partials\\title-meta.php')
 3 SYSTEMPATH\View\View.php(227): CodeIgniter\View\View->CodeIgniter\View\{closure}()
 4 SYSTEMPATH\Common.php(1180): CodeIgniter\View\View->render()
 5 APPPATH\Views\job-landing.php(5): view()
 6 SYSTEMPATH\View\View.php(224): include('D:\\Work\\default\\app\\Views\\job-landing.php')
 7 SYSTEMPATH\View\View.php(227): CodeIgniter\View\View->CodeIgniter\View\{closure}()
 8 SYSTEMPATH\Common.php(1180): CodeIgniter\View\View->render()
 9 APPPATH\Controllers\Home.php(9): view()
10 SYSTEMPATH\CodeIgniter.php(932): App\Controllers\Home->index()
11 SYSTEMPATH\CodeIgniter.php(497): CodeIgniter\CodeIgniter->runController()
12 SYSTEMPATH\CodeIgniter.php(366): CodeIgniter\CodeIgniter->handleRequest()
13 FCPATH\index.php(67): CodeIgniter\CodeIgniter->run()
14 SYSTEMPATH\Commands\Server\rewrite.php(47): require_once('D:\\Work\\default\\public\\index.php')
CRITICAL - 2025-01-14 11:34:59 --> Undefined variable $meta_title
in APPPATH\Views\partials\title-meta.php on line 2.
 1 APPPATH\Views\partials\title-meta.php(2): CodeIgniter\Debug\Exceptions->errorHandler()
 2 SYSTEMPATH\View\View.php(224): include('D:\\Work\\default\\app\\Views\\partials\\title-meta.php')
 3 SYSTEMPATH\View\View.php(227): CodeIgniter\View\View->CodeIgniter\View\{closure}()
 4 SYSTEMPATH\Common.php(1180): CodeIgniter\View\View->render()
 5 APPPATH\Views\job-landing.php(5): view()
 6 SYSTEMPATH\View\View.php(224): include('D:\\Work\\default\\app\\Views\\job-landing.php')
 7 SYSTEMPATH\View\View.php(227): CodeIgniter\View\View->CodeIgniter\View\{closure}()
 8 SYSTEMPATH\Common.php(1180): CodeIgniter\View\View->render()
 9 APPPATH\Controllers\Home.php(9): view()
10 SYSTEMPATH\CodeIgniter.php(932): App\Controllers\Home->index()
11 SYSTEMPATH\CodeIgniter.php(497): CodeIgniter\CodeIgniter->runController()
12 SYSTEMPATH\CodeIgniter.php(366): CodeIgniter\CodeIgniter->handleRequest()
13 FCPATH\index.php(67): CodeIgniter\CodeIgniter->run()
14 SYSTEMPATH\Commands\Server\rewrite.php(47): require_once('D:\\Work\\default\\public\\index.php')
CRITICAL - 2025-01-14 11:36:02 --> Undefined variable $meta_title
in APPPATH\Views\partials\title-meta.php on line 2.
 1 APPPATH\Views\partials\title-meta.php(2): CodeIgniter\Debug\Exceptions->errorHandler()
 2 SYSTEMPATH\View\View.php(224): include('D:\\Work\\default\\app\\Views\\partials\\title-meta.php')
 3 SYSTEMPATH\View\View.php(227): CodeIgniter\View\View->CodeIgniter\View\{closure}()
 4 SYSTEMPATH\Common.php(1180): CodeIgniter\View\View->render()
 5 APPPATH\Views\job-landing.php(5): view()
 6 SYSTEMPATH\View\View.php(224): include('D:\\Work\\default\\app\\Views\\job-landing.php')
 7 SYSTEMPATH\View\View.php(227): CodeIgniter\View\View->CodeIgniter\View\{closure}()
 8 SYSTEMPATH\Common.php(1180): CodeIgniter\View\View->render()
 9 APPPATH\Controllers\Home.php(9): view()
10 SYSTEMPATH\CodeIgniter.php(932): App\Controllers\Home->index()
11 SYSTEMPATH\CodeIgniter.php(497): CodeIgniter\CodeIgniter->runController()
12 SYSTEMPATH\CodeIgniter.php(366): CodeIgniter\CodeIgniter->handleRequest()
13 FCPATH\index.php(67): CodeIgniter\CodeIgniter->run()
14 SYSTEMPATH\Commands\Server\rewrite.php(47): require_once('D:\\Work\\default\\public\\index.php')
CRITICAL - 2025-01-14 11:36:35 --> Undefined variable $meta_title
in APPPATH\Views\partials\title-meta.php on line 2.
 1 APPPATH\Views\partials\title-meta.php(2): CodeIgniter\Debug\Exceptions->errorHandler()
 2 SYSTEMPATH\View\View.php(224): include('D:\\Work\\default\\app\\Views\\partials\\title-meta.php')
 3 SYSTEMPATH\View\View.php(227): CodeIgniter\View\View->CodeIgniter\View\{closure}()
 4 SYSTEMPATH\Common.php(1180): CodeIgniter\View\View->render()
 5 APPPATH\Views\job-landing.php(5): view()
 6 SYSTEMPATH\View\View.php(224): include('D:\\Work\\default\\app\\Views\\job-landing.php')
 7 SYSTEMPATH\View\View.php(227): CodeIgniter\View\View->CodeIgniter\View\{closure}()
 8 SYSTEMPATH\Common.php(1180): CodeIgniter\View\View->render()
 9 APPPATH\Controllers\Home.php(9): view()
10 SYSTEMPATH\CodeIgniter.php(932): App\Controllers\Home->index()
11 SYSTEMPATH\CodeIgniter.php(497): CodeIgniter\CodeIgniter->runController()
12 SYSTEMPATH\CodeIgniter.php(366): CodeIgniter\CodeIgniter->handleRequest()
13 FCPATH\index.php(67): CodeIgniter\CodeIgniter->run()
14 SYSTEMPATH\Commands\Server\rewrite.php(47): require_once('D:\\Work\\default\\public\\index.php')
CRITICAL - 2025-01-14 11:36:47 --> Undefined variable $meta_title
in APPPATH\Views\partials\title-meta.php on line 2.
 1 APPPATH\Views\partials\title-meta.php(2): CodeIgniter\Debug\Exceptions->errorHandler()
 2 SYSTEMPATH\View\View.php(224): include('D:\\Work\\default\\app\\Views\\partials\\title-meta.php')
 3 SYSTEMPATH\View\View.php(227): CodeIgniter\View\View->CodeIgniter\View\{closure}()
 4 SYSTEMPATH\Common.php(1180): CodeIgniter\View\View->render()
 5 APPPATH\Views\job-landing.php(5): view()
 6 SYSTEMPATH\View\View.php(224): include('D:\\Work\\default\\app\\Views\\job-landing.php')
 7 SYSTEMPATH\View\View.php(227): CodeIgniter\View\View->CodeIgniter\View\{closure}()
 8 SYSTEMPATH\Common.php(1180): CodeIgniter\View\View->render()
 9 APPPATH\Controllers\Home.php(9): view()
10 SYSTEMPATH\CodeIgniter.php(932): App\Controllers\Home->index()
11 SYSTEMPATH\CodeIgniter.php(497): CodeIgniter\CodeIgniter->runController()
12 SYSTEMPATH\CodeIgniter.php(366): CodeIgniter\CodeIgniter->handleRequest()
13 FCPATH\index.php(67): CodeIgniter\CodeIgniter->run()
14 SYSTEMPATH\Commands\Server\rewrite.php(47): require_once('D:\\Work\\default\\public\\index.php')
CRITICAL - 2025-01-14 11:37:23 --> Undefined variable $meta_title
in APPPATH\Views\partials\title-meta.php on line 2.
 1 APPPATH\Views\partials\title-meta.php(2): CodeIgniter\Debug\Exceptions->errorHandler()
 2 SYSTEMPATH\View\View.php(224): include('D:\\Work\\default\\app\\Views\\partials\\title-meta.php')
 3 SYSTEMPATH\View\View.php(227): CodeIgniter\View\View->CodeIgniter\View\{closure}()
 4 SYSTEMPATH\Common.php(1180): CodeIgniter\View\View->render()
 5 APPPATH\Views\job-landing.php(5): view()
 6 SYSTEMPATH\View\View.php(224): include('D:\\Work\\default\\app\\Views\\job-landing.php')
 7 SYSTEMPATH\View\View.php(227): CodeIgniter\View\View->CodeIgniter\View\{closure}()
 8 SYSTEMPATH\Common.php(1180): CodeIgniter\View\View->render()
 9 APPPATH\Controllers\Home.php(9): view()
10 SYSTEMPATH\CodeIgniter.php(932): App\Controllers\Home->index()
11 SYSTEMPATH\CodeIgniter.php(497): CodeIgniter\CodeIgniter->runController()
12 SYSTEMPATH\CodeIgniter.php(366): CodeIgniter\CodeIgniter->handleRequest()
13 FCPATH\index.php(67): CodeIgniter\CodeIgniter->run()
14 SYSTEMPATH\Commands\Server\rewrite.php(47): require_once('D:\\Work\\default\\public\\index.php')
CRITICAL - 2025-01-14 11:37:27 --> Undefined variable $meta_title
in APPPATH\Views\partials\title-meta.php on line 2.
 1 APPPATH\Views\partials\title-meta.php(2): CodeIgniter\Debug\Exceptions->errorHandler()
 2 SYSTEMPATH\View\View.php(224): include('D:\\Work\\default\\app\\Views\\partials\\title-meta.php')
 3 SYSTEMPATH\View\View.php(227): CodeIgniter\View\View->CodeIgniter\View\{closure}()
 4 SYSTEMPATH\Common.php(1180): CodeIgniter\View\View->render()
 5 APPPATH\Views\job-landing.php(5): view()
 6 SYSTEMPATH\View\View.php(224): include('D:\\Work\\default\\app\\Views\\job-landing.php')
 7 SYSTEMPATH\View\View.php(227): CodeIgniter\View\View->CodeIgniter\View\{closure}()
 8 SYSTEMPATH\Common.php(1180): CodeIgniter\View\View->render()
 9 APPPATH\Controllers\AboutUs.php(9): view()
10 SYSTEMPATH\CodeIgniter.php(932): App\Controllers\AboutUs->index()
11 SYSTEMPATH\CodeIgniter.php(497): CodeIgniter\CodeIgniter->runController()
12 SYSTEMPATH\CodeIgniter.php(366): CodeIgniter\CodeIgniter->handleRequest()
13 FCPATH\index.php(67): CodeIgniter\CodeIgniter->run()
14 SYSTEMPATH\Commands\Server\rewrite.php(47): require_once('D:\\Work\\default\\public\\index.php')
CRITICAL - 2025-01-14 11:37:30 --> Undefined variable $meta_title
in APPPATH\Views\partials\title-meta.php on line 2.
 1 APPPATH\Views\partials\title-meta.php(2): CodeIgniter\Debug\Exceptions->errorHandler()
 2 SYSTEMPATH\View\View.php(224): include('D:\\Work\\default\\app\\Views\\partials\\title-meta.php')
 3 SYSTEMPATH\View\View.php(227): CodeIgniter\View\View->CodeIgniter\View\{closure}()
 4 SYSTEMPATH\Common.php(1180): CodeIgniter\View\View->render()
 5 APPPATH\Views\job-landing.php(5): view()
 6 SYSTEMPATH\View\View.php(224): include('D:\\Work\\default\\app\\Views\\job-landing.php')
 7 SYSTEMPATH\View\View.php(227): CodeIgniter\View\View->CodeIgniter\View\{closure}()
 8 SYSTEMPATH\Common.php(1180): CodeIgniter\View\View->render()
 9 APPPATH\Controllers\Home.php(9): view()
10 SYSTEMPATH\CodeIgniter.php(932): App\Controllers\Home->index()
11 SYSTEMPATH\CodeIgniter.php(497): CodeIgniter\CodeIgniter->runController()
12 SYSTEMPATH\CodeIgniter.php(366): CodeIgniter\CodeIgniter->handleRequest()
13 FCPATH\index.php(67): CodeIgniter\CodeIgniter->run()
14 SYSTEMPATH\Commands\Server\rewrite.php(47): require_once('D:\\Work\\default\\public\\index.php')
CRITICAL - 2025-01-14 11:38:33 --> Undefined variable $meta_title
in APPPATH\Views\partials\title-meta.php on line 2.
 1 APPPATH\Views\partials\title-meta.php(2): CodeIgniter\Debug\Exceptions->errorHandler()
 2 SYSTEMPATH\View\View.php(224): include('D:\\Work\\default\\app\\Views\\partials\\title-meta.php')
 3 SYSTEMPATH\View\View.php(227): CodeIgniter\View\View->CodeIgniter\View\{closure}()
 4 SYSTEMPATH\Common.php(1180): CodeIgniter\View\View->render()
 5 APPPATH\Views\ybb\home.php(5): view()
 6 SYSTEMPATH\View\View.php(224): include('D:\\Work\\default\\app\\Views\\ybb\\home.php')
 7 SYSTEMPATH\View\View.php(227): CodeIgniter\View\View->CodeIgniter\View\{closure}()
 8 SYSTEMPATH\Common.php(1180): CodeIgniter\View\View->render()
 9 APPPATH\Controllers\BaseController.php(101): view()
10 APPPATH\Controllers\Home.php(13): App\Controllers\BaseController->render()
11 SYSTEMPATH\CodeIgniter.php(932): App\Controllers\Home->index()
12 SYSTEMPATH\CodeIgniter.php(497): CodeIgniter\CodeIgniter->runController()
13 SYSTEMPATH\CodeIgniter.php(366): CodeIgniter\CodeIgniter->handleRequest()
14 FCPATH\index.php(67): CodeIgniter\CodeIgniter->run()
15 SYSTEMPATH\Commands\Server\rewrite.php(47): require_once('D:\\Work\\default\\public\\index.php')
CRITICAL - 2025-01-14 11:42:59 --> Undefined variable $meta_title
in APPPATH\Views\partials\title-meta.php on line 2.
 1 APPPATH\Views\partials\title-meta.php(2): CodeIgniter\Debug\Exceptions->errorHandler()
 2 SYSTEMPATH\View\View.php(224): include('D:\\Work\\default\\app\\Views\\partials\\title-meta.php')
 3 SYSTEMPATH\View\View.php(227): CodeIgniter\View\View->CodeIgniter\View\{closure}()
 4 SYSTEMPATH\Common.php(1180): CodeIgniter\View\View->render()
 5 APPPATH\Views\job-landing.php(5): view()
 6 SYSTEMPATH\View\View.php(224): include('D:\\Work\\default\\app\\Views\\job-landing.php')
 7 SYSTEMPATH\View\View.php(227): CodeIgniter\View\View->CodeIgniter\View\{closure}()
 8 SYSTEMPATH\Common.php(1180): CodeIgniter\View\View->render()
 9 APPPATH\Controllers\AboutUs.php(9): view()
10 SYSTEMPATH\CodeIgniter.php(932): App\Controllers\AboutUs->index()
11 SYSTEMPATH\CodeIgniter.php(497): CodeIgniter\CodeIgniter->runController()
12 SYSTEMPATH\CodeIgniter.php(366): CodeIgniter\CodeIgniter->handleRequest()
13 FCPATH\index.php(67): CodeIgniter\CodeIgniter->run()
14 SYSTEMPATH\Commands\Server\rewrite.php(47): require_once('D:\\Work\\default\\public\\index.php')
CRITICAL - 2025-01-14 11:43:24 --> Undefined variable $meta_title
in APPPATH\Views\partials\title-meta.php on line 2.
 1 APPPATH\Views\partials\title-meta.php(2): CodeIgniter\Debug\Exceptions->errorHandler()
 2 SYSTEMPATH\View\View.php(224): include('D:\\Work\\default\\app\\Views\\partials\\title-meta.php')
 3 SYSTEMPATH\View\View.php(227): CodeIgniter\View\View->CodeIgniter\View\{closure}()
 4 SYSTEMPATH\Common.php(1180): CodeIgniter\View\View->render()
 5 APPPATH\Views\ybb\faqs.php(5): view()
 6 SYSTEMPATH\View\View.php(224): include('D:\\Work\\default\\app\\Views\\ybb\\faqs.php')
 7 SYSTEMPATH\View\View.php(227): CodeIgniter\View\View->CodeIgniter\View\{closure}()
 8 SYSTEMPATH\Common.php(1180): CodeIgniter\View\View->render()
 9 APPPATH\Controllers\Faqs.php(9): view()
10 SYSTEMPATH\CodeIgniter.php(932): App\Controllers\Faqs->index()
11 SYSTEMPATH\CodeIgniter.php(497): CodeIgniter\CodeIgniter->runController()
12 SYSTEMPATH\CodeIgniter.php(366): CodeIgniter\CodeIgniter->handleRequest()
13 FCPATH\index.php(67): CodeIgniter\CodeIgniter->run()
14 SYSTEMPATH\Commands\Server\rewrite.php(47): require_once('D:\\Work\\default\\public\\index.php')
CRITICAL - 2025-01-14 11:45:07 --> Undefined variable $meta_title
in APPPATH\Views\partials\title-meta.php on line 2.
 1 APPPATH\Views\partials\title-meta.php(2): CodeIgniter\Debug\Exceptions->errorHandler()
 2 SYSTEMPATH\View\View.php(224): include('D:\\Work\\default\\app\\Views\\partials\\title-meta.php')
 3 SYSTEMPATH\View\View.php(227): CodeIgniter\View\View->CodeIgniter\View\{closure}()
 4 SYSTEMPATH\Common.php(1180): CodeIgniter\View\View->render()
 5 APPPATH\Views\ybb\faqs.php(5): view()
 6 SYSTEMPATH\View\View.php(224): include('D:\\Work\\default\\app\\Views\\ybb\\faqs.php')
 7 SYSTEMPATH\View\View.php(227): CodeIgniter\View\View->CodeIgniter\View\{closure}()
 8 SYSTEMPATH\Common.php(1180): CodeIgniter\View\View->render()
 9 APPPATH\Controllers\BaseController.php(101): view()
10 APPPATH\Controllers\Faqs.php(14): App\Controllers\BaseController->render()
11 SYSTEMPATH\CodeIgniter.php(932): App\Controllers\Faqs->index()
12 SYSTEMPATH\CodeIgniter.php(497): CodeIgniter\CodeIgniter->runController()
13 SYSTEMPATH\CodeIgniter.php(366): CodeIgniter\CodeIgniter->handleRequest()
14 FCPATH\index.php(67): CodeIgniter\CodeIgniter->run()
15 SYSTEMPATH\Commands\Server\rewrite.php(47): require_once('D:\\Work\\default\\public\\index.php')
CRITICAL - 2025-01-14 11:48:23 --> Undefined variable $meta_title
in APPPATH\Views\partials\title-meta.php on line 2.
 1 APPPATH\Views\partials\title-meta.php(2): CodeIgniter\Debug\Exceptions->errorHandler()
 2 SYSTEMPATH\View\View.php(224): include('D:\\Work\\default\\app\\Views\\partials\\title-meta.php')
 3 SYSTEMPATH\View\View.php(227): CodeIgniter\View\View->CodeIgniter\View\{closure}()
 4 SYSTEMPATH\Common.php(1180): CodeIgniter\View\View->render()
 5 APPPATH\Views\job-landing.php(5): view()
 6 SYSTEMPATH\View\View.php(224): include('D:\\Work\\default\\app\\Views\\job-landing.php')
 7 SYSTEMPATH\View\View.php(227): CodeIgniter\View\View->CodeIgniter\View\{closure}()
 8 SYSTEMPATH\Common.php(1180): CodeIgniter\View\View->render()
 9 APPPATH\Controllers\AboutUs.php(9): view()
10 SYSTEMPATH\CodeIgniter.php(932): App\Controllers\AboutUs->index()
11 SYSTEMPATH\CodeIgniter.php(497): CodeIgniter\CodeIgniter->runController()
12 SYSTEMPATH\CodeIgniter.php(366): CodeIgniter\CodeIgniter->handleRequest()
13 FCPATH\index.php(67): CodeIgniter\CodeIgniter->run()
14 SYSTEMPATH\Commands\Server\rewrite.php(47): require_once('D:\\Work\\default\\public\\index.php')
CRITICAL - 2025-01-14 11:48:42 --> Invalid file: "ybb/about_us.php"
in SYSTEMPATH\Exceptions\FrameworkException.php on line 33.
 1 SYSTEMPATH\View\View.php(212): CodeIgniter\Exceptions\FrameworkException::forInvalidFile()
 2 SYSTEMPATH\Common.php(1180): CodeIgniter\View\View->render()
 3 APPPATH\Controllers\BaseController.php(101): view()
 4 APPPATH\Controllers\AboutUs.php(13): App\Controllers\BaseController->render()
 5 SYSTEMPATH\CodeIgniter.php(932): App\Controllers\AboutUs->index()
 6 SYSTEMPATH\CodeIgniter.php(497): CodeIgniter\CodeIgniter->runController()
 7 SYSTEMPATH\CodeIgniter.php(366): CodeIgniter\CodeIgniter->handleRequest()
 8 FCPATH\index.php(67): CodeIgniter\CodeIgniter->run()
 9 SYSTEMPATH\Commands\Server\rewrite.php(47): require_once('D:\\Work\\default\\public\\index.php')
CRITICAL - 2025-01-14 12:12:51 --> Undefined variable $faqs_by_category
in APPPATH\Views\ybb\faqs.php on line 51.
 1 APPPATH\Views\ybb\faqs.php(51): CodeIgniter\Debug\Exceptions->errorHandler()
 2 SYSTEMPATH\View\View.php(224): include('D:\\Work\\default\\app\\Views\\ybb\\faqs.php')
 3 SYSTEMPATH\View\View.php(227): CodeIgniter\View\View->CodeIgniter\View\{closure}()
 4 SYSTEMPATH\Common.php(1180): CodeIgniter\View\View->render()
 5 APPPATH\Controllers\BaseController.php(101): view()
 6 APPPATH\Controllers\Faqs.php(14): App\Controllers\BaseController->render()
 7 SYSTEMPATH\CodeIgniter.php(932): App\Controllers\Faqs->index()
 8 SYSTEMPATH\CodeIgniter.php(497): CodeIgniter\CodeIgniter->runController()
 9 SYSTEMPATH\CodeIgniter.php(366): CodeIgniter\CodeIgniter->handleRequest()
10 FCPATH\index.php(67): CodeIgniter\CodeIgniter->run()
11 SYSTEMPATH\Commands\Server\rewrite.php(47): require_once('D:\\Work\\default\\public\\index.php')
CRITICAL - 2025-01-14 12:20:52 --> Undefined array key "category"
in APPPATH\Views\ybb\faqs.php on line 51.
 1 APPPATH\Views\ybb\faqs.php(51): CodeIgniter\Debug\Exceptions->errorHandler()
 2 SYSTEMPATH\View\View.php(224): include('D:\\Work\\default\\app\\Views\\ybb\\faqs.php')
 3 SYSTEMPATH\View\View.php(227): CodeIgniter\View\View->CodeIgniter\View\{closure}()
 4 SYSTEMPATH\Common.php(1180): CodeIgniter\View\View->render()
 5 APPPATH\Controllers\BaseController.php(101): view()
 6 APPPATH\Controllers\Faqs.php(14): App\Controllers\BaseController->render()
 7 SYSTEMPATH\CodeIgniter.php(932): App\Controllers\Faqs->index()
 8 SYSTEMPATH\CodeIgniter.php(497): CodeIgniter\CodeIgniter->runController()
 9 SYSTEMPATH\CodeIgniter.php(366): CodeIgniter\CodeIgniter->handleRequest()
10 FCPATH\index.php(67): CodeIgniter\CodeIgniter->run()
11 SYSTEMPATH\Commands\Server\rewrite.php(47): require_once('D:\\Work\\default\\public\\index.php')
CRITICAL - 2025-01-14 12:21:15 --> Undefined array key "category"
in APPPATH\Views\ybb\faqs.php on line 51.
 1 APPPATH\Views\ybb\faqs.php(51): CodeIgniter\Debug\Exceptions->errorHandler()
 2 SYSTEMPATH\View\View.php(224): include('D:\\Work\\default\\app\\Views\\ybb\\faqs.php')
 3 SYSTEMPATH\View\View.php(227): CodeIgniter\View\View->CodeIgniter\View\{closure}()
 4 SYSTEMPATH\Common.php(1180): CodeIgniter\View\View->render()
 5 APPPATH\Controllers\BaseController.php(101): view()
 6 APPPATH\Controllers\Faqs.php(18): App\Controllers\BaseController->render()
 7 SYSTEMPATH\CodeIgniter.php(932): App\Controllers\Faqs->index()
 8 SYSTEMPATH\CodeIgniter.php(497): CodeIgniter\CodeIgniter->runController()
 9 SYSTEMPATH\CodeIgniter.php(366): CodeIgniter\CodeIgniter->handleRequest()
10 FCPATH\index.php(67): CodeIgniter\CodeIgniter->run()
11 SYSTEMPATH\Commands\Server\rewrite.php(47): require_once('D:\\Work\\default\\public\\index.php')
CRITICAL - 2025-01-14 12:21:41 --> Array to string conversion
in APPPATH\Views\ybb\faqs.php on line 55.
 1 APPPATH\Views\ybb\faqs.php(55): CodeIgniter\Debug\Exceptions->errorHandler()
 2 SYSTEMPATH\View\View.php(224): include('D:\\Work\\default\\app\\Views\\ybb\\faqs.php')
 3 SYSTEMPATH\View\View.php(227): CodeIgniter\View\View->CodeIgniter\View\{closure}()
 4 SYSTEMPATH\Common.php(1180): CodeIgniter\View\View->render()
 5 APPPATH\Controllers\BaseController.php(101): view()
 6 APPPATH\Controllers\Faqs.php(14): App\Controllers\BaseController->render()
 7 SYSTEMPATH\CodeIgniter.php(932): App\Controllers\Faqs->index()
 8 SYSTEMPATH\CodeIgniter.php(497): CodeIgniter\CodeIgniter->runController()
 9 SYSTEMPATH\CodeIgniter.php(366): CodeIgniter\CodeIgniter->handleRequest()
10 FCPATH\index.php(67): CodeIgniter\CodeIgniter->run()
11 SYSTEMPATH\Commands\Server\rewrite.php(47): require_once('D:\\Work\\default\\public\\index.php')
CRITICAL - 2025-01-14 12:22:17 --> Array to string conversion
in APPPATH\Views\ybb\faqs.php on line 55.
 1 APPPATH\Views\ybb\faqs.php(55): CodeIgniter\Debug\Exceptions->errorHandler()
 2 SYSTEMPATH\View\View.php(224): include('D:\\Work\\default\\app\\Views\\ybb\\faqs.php')
 3 SYSTEMPATH\View\View.php(227): CodeIgniter\View\View->CodeIgniter\View\{closure}()
 4 SYSTEMPATH\Common.php(1180): CodeIgniter\View\View->render()
 5 APPPATH\Controllers\BaseController.php(101): view()
 6 APPPATH\Controllers\Faqs.php(18): App\Controllers\BaseController->render()
 7 SYSTEMPATH\CodeIgniter.php(932): App\Controllers\Faqs->index()
 8 SYSTEMPATH\CodeIgniter.php(497): CodeIgniter\CodeIgniter->runController()
 9 SYSTEMPATH\CodeIgniter.php(366): CodeIgniter\CodeIgniter->handleRequest()
10 FCPATH\index.php(67): CodeIgniter\CodeIgniter->run()
11 SYSTEMPATH\Commands\Server\rewrite.php(47): require_once('D:\\Work\\default\\public\\index.php')
ERROR - 2025-01-14 12:26:29 --> 28 : Failed to connect to master-api.ybbfoundation.com port 443 after 21067 ms: Couldn't connect to server
CRITICAL - 2025-01-14 12:26:29 --> Trying to access array offset on value of type null
in APPPATH\Controllers\BaseController.php on line 94.
 1 APPPATH\Controllers\BaseController.php(94): CodeIgniter\Debug\Exceptions->errorHandler()
 2 APPPATH\Controllers\Faqs.php(11): App\Controllers\BaseController->getProgramInfoDetail()
 3 SYSTEMPATH\CodeIgniter.php(932): App\Controllers\Faqs->index()
 4 SYSTEMPATH\CodeIgniter.php(497): CodeIgniter\CodeIgniter->runController()
 5 SYSTEMPATH\CodeIgniter.php(366): CodeIgniter\CodeIgniter->handleRequest()
 6 FCPATH\index.php(67): CodeIgniter\CodeIgniter->run()
 7 SYSTEMPATH\Commands\Server\rewrite.php(47): require_once('D:\\Work\\default\\public\\index.php')
CRITICAL - 2025-01-14 12:27:16 --> Array to string conversion
in APPPATH\Views\ybb\faqs.php on line 62.
 1 APPPATH\Views\ybb\faqs.php(62): CodeIgniter\Debug\Exceptions->errorHandler()
 2 SYSTEMPATH\View\View.php(224): include('D:\\Work\\default\\app\\Views\\ybb\\faqs.php')
 3 SYSTEMPATH\View\View.php(227): CodeIgniter\View\View->CodeIgniter\View\{closure}()
 4 SYSTEMPATH\Common.php(1180): CodeIgniter\View\View->render()
 5 APPPATH\Controllers\BaseController.php(101): view()
 6 APPPATH\Controllers\Faqs.php(18): App\Controllers\BaseController->render()
 7 SYSTEMPATH\CodeIgniter.php(932): App\Controllers\Faqs->index()
 8 SYSTEMPATH\CodeIgniter.php(497): CodeIgniter\CodeIgniter->runController()
 9 SYSTEMPATH\CodeIgniter.php(366): CodeIgniter\CodeIgniter->handleRequest()
10 FCPATH\index.php(67): CodeIgniter\CodeIgniter->run()
11 SYSTEMPATH\Commands\Server\rewrite.php(47): require_once('D:\\Work\\default\\public\\index.php')
CRITICAL - 2025-01-14 12:27:50 --> Array to string conversion
in APPPATH\Views\ybb\faqs.php on line 58.
 1 APPPATH\Views\ybb\faqs.php(58): CodeIgniter\Debug\Exceptions->errorHandler()
 2 SYSTEMPATH\View\View.php(224): include('D:\\Work\\default\\app\\Views\\ybb\\faqs.php')
 3 SYSTEMPATH\View\View.php(227): CodeIgniter\View\View->CodeIgniter\View\{closure}()
 4 SYSTEMPATH\Common.php(1180): CodeIgniter\View\View->render()
 5 APPPATH\Controllers\BaseController.php(101): view()
 6 APPPATH\Controllers\Faqs.php(18): App\Controllers\BaseController->render()
 7 SYSTEMPATH\CodeIgniter.php(932): App\Controllers\Faqs->index()
 8 SYSTEMPATH\CodeIgniter.php(497): CodeIgniter\CodeIgniter->runController()
 9 SYSTEMPATH\CodeIgniter.php(366): CodeIgniter\CodeIgniter->handleRequest()
10 FCPATH\index.php(67): CodeIgniter\CodeIgniter->run()
11 SYSTEMPATH\Commands\Server\rewrite.php(47): require_once('D:\\Work\\default\\public\\index.php')
CRITICAL - 2025-01-14 12:27:55 --> Array to string conversion
in APPPATH\Views\ybb\faqs.php on line 58.
 1 APPPATH\Views\ybb\faqs.php(58): CodeIgniter\Debug\Exceptions->errorHandler()
 2 SYSTEMPATH\View\View.php(224): include('D:\\Work\\default\\app\\Views\\ybb\\faqs.php')
 3 SYSTEMPATH\View\View.php(227): CodeIgniter\View\View->CodeIgniter\View\{closure}()
 4 SYSTEMPATH\Common.php(1180): CodeIgniter\View\View->render()
 5 APPPATH\Controllers\BaseController.php(101): view()
 6 APPPATH\Controllers\Faqs.php(18): App\Controllers\BaseController->render()
 7 SYSTEMPATH\CodeIgniter.php(932): App\Controllers\Faqs->index()
 8 SYSTEMPATH\CodeIgniter.php(497): CodeIgniter\CodeIgniter->runController()
 9 SYSTEMPATH\CodeIgniter.php(366): CodeIgniter\CodeIgniter->handleRequest()
10 FCPATH\index.php(67): CodeIgniter\CodeIgniter->run()
11 SYSTEMPATH\Commands\Server\rewrite.php(47): require_once('D:\\Work\\default\\public\\index.php')
CRITICAL - 2025-01-14 12:27:57 --> Array to string conversion
in APPPATH\Views\ybb\faqs.php on line 58.
 1 APPPATH\Views\ybb\faqs.php(58): CodeIgniter\Debug\Exceptions->errorHandler()
 2 SYSTEMPATH\View\View.php(224): include('D:\\Work\\default\\app\\Views\\ybb\\faqs.php')
 3 SYSTEMPATH\View\View.php(227): CodeIgniter\View\View->CodeIgniter\View\{closure}()
 4 SYSTEMPATH\Common.php(1180): CodeIgniter\View\View->render()
 5 APPPATH\Controllers\BaseController.php(101): view()
 6 APPPATH\Controllers\Faqs.php(18): App\Controllers\BaseController->render()
 7 SYSTEMPATH\CodeIgniter.php(932): App\Controllers\Faqs->index()
 8 SYSTEMPATH\CodeIgniter.php(497): CodeIgniter\CodeIgniter->runController()
 9 SYSTEMPATH\CodeIgniter.php(366): CodeIgniter\CodeIgniter->handleRequest()
10 FCPATH\index.php(67): CodeIgniter\CodeIgniter->run()
11 SYSTEMPATH\Commands\Server\rewrite.php(47): require_once('D:\\Work\\default\\public\\index.php')
CRITICAL - 2025-01-14 12:28:25 --> Array to string conversion
in APPPATH\Views\ybb\faqs.php on line 55.
 1 APPPATH\Views\ybb\faqs.php(55): CodeIgniter\Debug\Exceptions->errorHandler()
 2 SYSTEMPATH\View\View.php(224): include('D:\\Work\\default\\app\\Views\\ybb\\faqs.php')
 3 SYSTEMPATH\View\View.php(227): CodeIgniter\View\View->CodeIgniter\View\{closure}()
 4 SYSTEMPATH\Common.php(1180): CodeIgniter\View\View->render()
 5 APPPATH\Controllers\BaseController.php(101): view()
 6 APPPATH\Controllers\Faqs.php(18): App\Controllers\BaseController->render()
 7 SYSTEMPATH\CodeIgniter.php(932): App\Controllers\Faqs->index()
 8 SYSTEMPATH\CodeIgniter.php(497): CodeIgniter\CodeIgniter->runController()
 9 SYSTEMPATH\CodeIgniter.php(366): CodeIgniter\CodeIgniter->handleRequest()
10 FCPATH\index.php(67): CodeIgniter\CodeIgniter->run()
11 SYSTEMPATH\Commands\Server\rewrite.php(47): require_once('D:\\Work\\default\\public\\index.php')
CRITICAL - 2025-01-14 12:28:29 --> Array to string conversion
in APPPATH\Views\ybb\faqs.php on line 55.
 1 APPPATH\Views\ybb\faqs.php(55): CodeIgniter\Debug\Exceptions->errorHandler()
 2 SYSTEMPATH\View\View.php(224): include('D:\\Work\\default\\app\\Views\\ybb\\faqs.php')
 3 SYSTEMPATH\View\View.php(227): CodeIgniter\View\View->CodeIgniter\View\{closure}()
 4 SYSTEMPATH\Common.php(1180): CodeIgniter\View\View->render()
 5 APPPATH\Controllers\BaseController.php(101): view()
 6 APPPATH\Controllers\Faqs.php(18): App\Controllers\BaseController->render()
 7 SYSTEMPATH\CodeIgniter.php(932): App\Controllers\Faqs->index()
 8 SYSTEMPATH\CodeIgniter.php(497): CodeIgniter\CodeIgniter->runController()
 9 SYSTEMPATH\CodeIgniter.php(366): CodeIgniter\CodeIgniter->handleRequest()
10 FCPATH\index.php(67): CodeIgniter\CodeIgniter->run()
11 SYSTEMPATH\Commands\Server\rewrite.php(47): require_once('D:\\Work\\default\\public\\index.php')
CRITICAL - 2025-01-14 12:30:03 --> Undefined variable $data
in APPPATH\Views\ybb\faqs.php on line 51.
 1 APPPATH\Views\ybb\faqs.php(51): CodeIgniter\Debug\Exceptions->errorHandler()
 2 SYSTEMPATH\View\View.php(224): include('D:\\Work\\default\\app\\Views\\ybb\\faqs.php')
 3 SYSTEMPATH\View\View.php(227): CodeIgniter\View\View->CodeIgniter\View\{closure}()
 4 SYSTEMPATH\Common.php(1180): CodeIgniter\View\View->render()
 5 APPPATH\Controllers\BaseController.php(101): view()
 6 APPPATH\Controllers\Faqs.php(18): App\Controllers\BaseController->render()
 7 SYSTEMPATH\CodeIgniter.php(932): App\Controllers\Faqs->index()
 8 SYSTEMPATH\CodeIgniter.php(497): CodeIgniter\CodeIgniter->runController()
 9 SYSTEMPATH\CodeIgniter.php(366): CodeIgniter\CodeIgniter->handleRequest()
10 FCPATH\index.php(67): CodeIgniter\CodeIgniter->run()
11 SYSTEMPATH\Commands\Server\rewrite.php(47): require_once('D:\\Work\\default\\public\\index.php')
CRITICAL - 2025-01-14 12:30:22 --> Undefined variable $data
in APPPATH\Views\ybb\faqs.php on line 51.
 1 APPPATH\Views\ybb\faqs.php(51): CodeIgniter\Debug\Exceptions->errorHandler()
 2 SYSTEMPATH\View\View.php(224): include('D:\\Work\\default\\app\\Views\\ybb\\faqs.php')
 3 SYSTEMPATH\View\View.php(227): CodeIgniter\View\View->CodeIgniter\View\{closure}()
 4 SYSTEMPATH\Common.php(1180): CodeIgniter\View\View->render()
 5 APPPATH\Controllers\BaseController.php(101): view()
 6 APPPATH\Controllers\Faqs.php(15): App\Controllers\BaseController->render()
 7 SYSTEMPATH\CodeIgniter.php(932): App\Controllers\Faqs->index()
 8 SYSTEMPATH\CodeIgniter.php(497): CodeIgniter\CodeIgniter->runController()
 9 SYSTEMPATH\CodeIgniter.php(366): CodeIgniter\CodeIgniter->handleRequest()
10 FCPATH\index.php(67): CodeIgniter\CodeIgniter->run()
11 SYSTEMPATH\Commands\Server\rewrite.php(47): require_once('D:\\Work\\default\\public\\index.php')
ERROR - 2025-01-14 12:31:15 --> 28 : Failed to connect to master-api.ybbfoundation.com port 443 after 21046 ms: Couldn't connect to server
CRITICAL - 2025-01-14 12:31:15 --> Trying to access array offset on value of type null
in APPPATH\Controllers\BaseController.php on line 94.
 1 APPPATH\Controllers\BaseController.php(94): CodeIgniter\Debug\Exceptions->errorHandler()
 2 APPPATH\Controllers\Faqs.php(11): App\Controllers\BaseController->getProgramInfoDetail()
 3 SYSTEMPATH\CodeIgniter.php(932): App\Controllers\Faqs->index()
 4 SYSTEMPATH\CodeIgniter.php(497): CodeIgniter\CodeIgniter->runController()
 5 SYSTEMPATH\CodeIgniter.php(366): CodeIgniter\CodeIgniter->handleRequest()
 6 FCPATH\index.php(67): CodeIgniter\CodeIgniter->run()
 7 SYSTEMPATH\Commands\Server\rewrite.php(47): require_once('D:\\Work\\default\\public\\index.php')
CRITICAL - 2025-01-14 12:31:42 --> Undefined variable $data
in APPPATH\Views\ybb\faqs.php on line 51.
 1 APPPATH\Views\ybb\faqs.php(51): CodeIgniter\Debug\Exceptions->errorHandler()
 2 SYSTEMPATH\View\View.php(224): include('D:\\Work\\default\\app\\Views\\ybb\\faqs.php')
 3 SYSTEMPATH\View\View.php(227): CodeIgniter\View\View->CodeIgniter\View\{closure}()
 4 SYSTEMPATH\Common.php(1180): CodeIgniter\View\View->render()
 5 APPPATH\Controllers\BaseController.php(101): view()
 6 APPPATH\Controllers\Faqs.php(15): App\Controllers\BaseController->render()
 7 SYSTEMPATH\CodeIgniter.php(932): App\Controllers\Faqs->index()
 8 SYSTEMPATH\CodeIgniter.php(497): CodeIgniter\CodeIgniter->runController()
 9 SYSTEMPATH\CodeIgniter.php(366): CodeIgniter\CodeIgniter->handleRequest()
10 FCPATH\index.php(67): CodeIgniter\CodeIgniter->run()
11 SYSTEMPATH\Commands\Server\rewrite.php(47): require_once('D:\\Work\\default\\public\\index.php')
CRITICAL - 2025-01-14 12:33:42 --> Undefined array key "faq_question"
in APPPATH\Views\ybb\faqs.php on line 93.
 1 APPPATH\Views\ybb\faqs.php(93): CodeIgniter\Debug\Exceptions->errorHandler()
 2 SYSTEMPATH\View\View.php(224): include('D:\\Work\\default\\app\\Views\\ybb\\faqs.php')
 3 SYSTEMPATH\View\View.php(227): CodeIgniter\View\View->CodeIgniter\View\{closure}()
 4 SYSTEMPATH\Common.php(1180): CodeIgniter\View\View->render()
 5 APPPATH\Controllers\BaseController.php(101): view()
 6 APPPATH\Controllers\Faqs.php(15): App\Controllers\BaseController->render()
 7 SYSTEMPATH\CodeIgniter.php(932): App\Controllers\Faqs->index()
 8 SYSTEMPATH\CodeIgniter.php(497): CodeIgniter\CodeIgniter->runController()
 9 SYSTEMPATH\CodeIgniter.php(366): CodeIgniter\CodeIgniter->handleRequest()
10 FCPATH\index.php(67): CodeIgniter\CodeIgniter->run()
11 SYSTEMPATH\Commands\Server\rewrite.php(47): require_once('D:\\Work\\default\\public\\index.php')
CRITICAL - 2025-01-14 17:21:24 --> Undefined variable $meta_title
in APPPATH\Views\partials\title-meta.php on line 2.
 1 APPPATH\Views\partials\title-meta.php(2): CodeIgniter\Debug\Exceptions->errorHandler()
 2 SYSTEMPATH\View\View.php(224): include('D:\\Work\\default\\app\\Views\\partials\\title-meta.php')
 3 SYSTEMPATH\View\View.php(227): CodeIgniter\View\View->CodeIgniter\View\{closure}()
 4 SYSTEMPATH\Common.php(1180): CodeIgniter\View\View->render()
 5 APPPATH\Views\landing.php(5): view()
 6 SYSTEMPATH\View\View.php(224): include('D:\\Work\\default\\app\\Views\\landing.php')
 7 SYSTEMPATH\View\View.php(227): CodeIgniter\View\View->CodeIgniter\View\{closure}()
 8 SYSTEMPATH\Common.php(1180): CodeIgniter\View\View->render()
 9 APPPATH\Controllers\BaseController.php(101): view()
10 APPPATH\Controllers\Announcements.php(14): App\Controllers\BaseController->render()
11 SYSTEMPATH\CodeIgniter.php(932): App\Controllers\Announcements->index()
12 SYSTEMPATH\CodeIgniter.php(497): CodeIgniter\CodeIgniter->runController()
13 SYSTEMPATH\CodeIgniter.php(366): CodeIgniter\CodeIgniter->handleRequest()
14 FCPATH\index.php(67): CodeIgniter\CodeIgniter->run()
15 SYSTEMPATH\Commands\Server\rewrite.php(47): require_once('D:\\Work\\default\\public\\index.php')
CRITICAL - 2025-01-14 17:21:42 --> Undefined variable $meta_title
in APPPATH\Views\partials\title-meta.php on line 2.
 1 APPPATH\Views\partials\title-meta.php(2): CodeIgniter\Debug\Exceptions->errorHandler()
 2 SYSTEMPATH\View\View.php(224): include('D:\\Work\\default\\app\\Views\\partials\\title-meta.php')
 3 SYSTEMPATH\View\View.php(227): CodeIgniter\View\View->CodeIgniter\View\{closure}()
 4 SYSTEMPATH\Common.php(1180): CodeIgniter\View\View->render()
 5 APPPATH\Views\landing.php(5): view()
 6 SYSTEMPATH\View\View.php(224): include('D:\\Work\\default\\app\\Views\\landing.php')
 7 SYSTEMPATH\View\View.php(227): CodeIgniter\View\View->CodeIgniter\View\{closure}()
 8 SYSTEMPATH\Common.php(1180): CodeIgniter\View\View->render()
 9 APPPATH\Controllers\BaseController.php(101): view()
10 APPPATH\Controllers\Announcements.php(14): App\Controllers\BaseController->render()
11 SYSTEMPATH\CodeIgniter.php(932): App\Controllers\Announcements->index()
12 SYSTEMPATH\CodeIgniter.php(497): CodeIgniter\CodeIgniter->runController()
13 SYSTEMPATH\CodeIgniter.php(366): CodeIgniter\CodeIgniter->handleRequest()
14 FCPATH\index.php(67): CodeIgniter\CodeIgniter->run()
15 SYSTEMPATH\Commands\Server\rewrite.php(47): require_once('D:\\Work\\default\\public\\index.php')
CRITICAL - 2025-01-14 17:22:20 --> Undefined variable $meta_title
in APPPATH\Views\partials\title-meta.php on line 2.
 1 APPPATH\Views\partials\title-meta.php(2): CodeIgniter\Debug\Exceptions->errorHandler()
 2 SYSTEMPATH\View\View.php(224): include('D:\\Work\\default\\app\\Views\\partials\\title-meta.php')
 3 SYSTEMPATH\View\View.php(227): CodeIgniter\View\View->CodeIgniter\View\{closure}()
 4 SYSTEMPATH\Common.php(1180): CodeIgniter\View\View->render()
 5 APPPATH\Views\landing.php(5): view()
 6 SYSTEMPATH\View\View.php(224): include('D:\\Work\\default\\app\\Views\\landing.php')
 7 SYSTEMPATH\View\View.php(227): CodeIgniter\View\View->CodeIgniter\View\{closure}()
 8 SYSTEMPATH\Common.php(1180): CodeIgniter\View\View->render()
 9 APPPATH\Controllers\Announcements.php(16): view()
10 SYSTEMPATH\CodeIgniter.php(932): App\Controllers\Announcements->index()
11 SYSTEMPATH\CodeIgniter.php(497): CodeIgniter\CodeIgniter->runController()
12 SYSTEMPATH\CodeIgniter.php(366): CodeIgniter\CodeIgniter->handleRequest()
13 FCPATH\index.php(67): CodeIgniter\CodeIgniter->run()
14 SYSTEMPATH\Commands\Server\rewrite.php(47): require_once('D:\\Work\\default\\public\\index.php')
CRITICAL - 2025-01-14 17:22:26 --> Undefined variable $meta_title
in APPPATH\Views\partials\title-meta.php on line 2.
 1 APPPATH\Views\partials\title-meta.php(2): CodeIgniter\Debug\Exceptions->errorHandler()
 2 SYSTEMPATH\View\View.php(224): include('D:\\Work\\default\\app\\Views\\partials\\title-meta.php')
 3 SYSTEMPATH\View\View.php(227): CodeIgniter\View\View->CodeIgniter\View\{closure}()
 4 SYSTEMPATH\Common.php(1180): CodeIgniter\View\View->render()
 5 APPPATH\Views\landing.php(5): view()
 6 SYSTEMPATH\View\View.php(224): include('D:\\Work\\default\\app\\Views\\landing.php')
 7 SYSTEMPATH\View\View.php(227): CodeIgniter\View\View->CodeIgniter\View\{closure}()
 8 SYSTEMPATH\Common.php(1180): CodeIgniter\View\View->render()
 9 APPPATH\Controllers\Announcements.php(16): view()
10 SYSTEMPATH\CodeIgniter.php(932): App\Controllers\Announcements->index()
11 SYSTEMPATH\CodeIgniter.php(497): CodeIgniter\CodeIgniter->runController()
12 SYSTEMPATH\CodeIgniter.php(366): CodeIgniter\CodeIgniter->handleRequest()
13 FCPATH\index.php(67): CodeIgniter\CodeIgniter->run()
14 SYSTEMPATH\Commands\Server\rewrite.php(47): require_once('D:\\Work\\default\\public\\index.php')
CRITICAL - 2025-01-14 17:22:30 --> Undefined variable $meta_title
in APPPATH\Views\partials\title-meta.php on line 2.
 1 APPPATH\Views\partials\title-meta.php(2): CodeIgniter\Debug\Exceptions->errorHandler()
 2 SYSTEMPATH\View\View.php(224): include('D:\\Work\\default\\app\\Views\\partials\\title-meta.php')
 3 SYSTEMPATH\View\View.php(227): CodeIgniter\View\View->CodeIgniter\View\{closure}()
 4 SYSTEMPATH\Common.php(1180): CodeIgniter\View\View->render()
 5 APPPATH\Views\landing.php(5): view()
 6 SYSTEMPATH\View\View.php(224): include('D:\\Work\\default\\app\\Views\\landing.php')
 7 SYSTEMPATH\View\View.php(227): CodeIgniter\View\View->CodeIgniter\View\{closure}()
 8 SYSTEMPATH\Common.php(1180): CodeIgniter\View\View->render()
 9 APPPATH\Controllers\Announcements.php(16): view()
10 SYSTEMPATH\CodeIgniter.php(932): App\Controllers\Announcements->index()
11 SYSTEMPATH\CodeIgniter.php(497): CodeIgniter\CodeIgniter->runController()
12 SYSTEMPATH\CodeIgniter.php(366): CodeIgniter\CodeIgniter->handleRequest()
13 FCPATH\index.php(67): CodeIgniter\CodeIgniter->run()
14 SYSTEMPATH\Commands\Server\rewrite.php(47): require_once('D:\\Work\\default\\public\\index.php')
CRITICAL - 2025-01-14 17:22:42 --> Undefined variable $meta_title
in APPPATH\Views\partials\title-meta.php on line 2.
 1 APPPATH\Views\partials\title-meta.php(2): CodeIgniter\Debug\Exceptions->errorHandler()
 2 SYSTEMPATH\View\View.php(224): include('D:\\Work\\default\\app\\Views\\partials\\title-meta.php')
 3 SYSTEMPATH\View\View.php(227): CodeIgniter\View\View->CodeIgniter\View\{closure}()
 4 SYSTEMPATH\Common.php(1180): CodeIgniter\View\View->render()
 5 APPPATH\Views\landing.php(5): view()
 6 SYSTEMPATH\View\View.php(224): include('D:\\Work\\default\\app\\Views\\landing.php')
 7 SYSTEMPATH\View\View.php(227): CodeIgniter\View\View->CodeIgniter\View\{closure}()
 8 SYSTEMPATH\Common.php(1180): CodeIgniter\View\View->render()
 9 APPPATH\Controllers\Announcements.php(16): view()
10 SYSTEMPATH\CodeIgniter.php(932): App\Controllers\Announcements->index()
11 SYSTEMPATH\CodeIgniter.php(497): CodeIgniter\CodeIgniter->runController()
12 SYSTEMPATH\CodeIgniter.php(366): CodeIgniter\CodeIgniter->handleRequest()
13 FCPATH\index.php(67): CodeIgniter\CodeIgniter->run()
14 SYSTEMPATH\Commands\Server\rewrite.php(47): require_once('D:\\Work\\default\\public\\index.php')
CRITICAL - 2025-01-14 17:23:17 --> Undefined variable $meta_title
in APPPATH\Views\partials\title-meta.php on line 2.
 1 APPPATH\Views\partials\title-meta.php(2): CodeIgniter\Debug\Exceptions->errorHandler()
 2 SYSTEMPATH\View\View.php(224): include('D:\\Work\\default\\app\\Views\\partials\\title-meta.php')
 3 SYSTEMPATH\View\View.php(227): CodeIgniter\View\View->CodeIgniter\View\{closure}()
 4 SYSTEMPATH\Common.php(1180): CodeIgniter\View\View->render()
 5 APPPATH\Views\landing.php(5): view()
 6 SYSTEMPATH\View\View.php(224): include('D:\\Work\\default\\app\\Views\\landing.php')
 7 SYSTEMPATH\View\View.php(227): CodeIgniter\View\View->CodeIgniter\View\{closure}()
 8 SYSTEMPATH\Common.php(1180): CodeIgniter\View\View->render()
 9 APPPATH\Controllers\Announcements.php(16): view()
10 SYSTEMPATH\CodeIgniter.php(932): App\Controllers\Announcements->index()
11 SYSTEMPATH\CodeIgniter.php(497): CodeIgniter\CodeIgniter->runController()
12 SYSTEMPATH\CodeIgniter.php(366): CodeIgniter\CodeIgniter->handleRequest()
13 FCPATH\index.php(67): CodeIgniter\CodeIgniter->run()
14 SYSTEMPATH\Commands\Server\rewrite.php(47): require_once('D:\\Work\\default\\public\\index.php')
CRITICAL - 2025-01-14 17:23:54 --> Undefined variable $meta_title
in APPPATH\Views\partials\title-meta.php on line 2.
 1 APPPATH\Views\partials\title-meta.php(2): CodeIgniter\Debug\Exceptions->errorHandler()
 2 SYSTEMPATH\View\View.php(224): include('D:\\Work\\default\\app\\Views\\partials\\title-meta.php')
 3 SYSTEMPATH\View\View.php(227): CodeIgniter\View\View->CodeIgniter\View\{closure}()
 4 SYSTEMPATH\Common.php(1180): CodeIgniter\View\View->render()
 5 APPPATH\Views\landing.php(5): view()
 6 SYSTEMPATH\View\View.php(224): include('D:\\Work\\default\\app\\Views\\landing.php')
 7 SYSTEMPATH\View\View.php(227): CodeIgniter\View\View->CodeIgniter\View\{closure}()
 8 SYSTEMPATH\Common.php(1180): CodeIgniter\View\View->render()
 9 APPPATH\Controllers\Announcements.php(16): view()
10 SYSTEMPATH\CodeIgniter.php(932): App\Controllers\Announcements->index()
11 SYSTEMPATH\CodeIgniter.php(497): CodeIgniter\CodeIgniter->runController()
12 SYSTEMPATH\CodeIgniter.php(366): CodeIgniter\CodeIgniter->handleRequest()
13 FCPATH\index.php(67): CodeIgniter\CodeIgniter->run()
14 SYSTEMPATH\Commands\Server\rewrite.php(47): require_once('D:\\Work\\default\\public\\index.php')
CRITICAL - 2025-01-14 17:24:06 --> Undefined variable $meta_title
in APPPATH\Views\partials\title-meta.php on line 2.
 1 APPPATH\Views\partials\title-meta.php(2): CodeIgniter\Debug\Exceptions->errorHandler()
 2 SYSTEMPATH\View\View.php(224): include('D:\\Work\\default\\app\\Views\\partials\\title-meta.php')
 3 SYSTEMPATH\View\View.php(227): CodeIgniter\View\View->CodeIgniter\View\{closure}()
 4 SYSTEMPATH\Common.php(1180): CodeIgniter\View\View->render()
 5 APPPATH\Views\landing.php(5): view()
 6 SYSTEMPATH\View\View.php(224): include('D:\\Work\\default\\app\\Views\\landing.php')
 7 SYSTEMPATH\View\View.php(227): CodeIgniter\View\View->CodeIgniter\View\{closure}()
 8 SYSTEMPATH\Common.php(1180): CodeIgniter\View\View->render()
 9 APPPATH\Controllers\Announcements.php(16): view()
10 SYSTEMPATH\CodeIgniter.php(932): App\Controllers\Announcements->index()
11 SYSTEMPATH\CodeIgniter.php(497): CodeIgniter\CodeIgniter->runController()
12 SYSTEMPATH\CodeIgniter.php(366): CodeIgniter\CodeIgniter->handleRequest()
13 FCPATH\index.php(67): CodeIgniter\CodeIgniter->run()
14 SYSTEMPATH\Commands\Server\rewrite.php(47): require_once('D:\\Work\\default\\public\\index.php')
CRITICAL - 2025-01-14 18:06:23 --> Undefined array key "program_name"
in APPPATH\Views\ybb\home.php on line 40.
 1 APPPATH\Views\ybb\home.php(40): CodeIgniter\Debug\Exceptions->errorHandler()
 2 SYSTEMPATH\View\View.php(224): include('D:\\Work\\default\\app\\Views\\ybb\\home.php')
 3 SYSTEMPATH\View\View.php(227): CodeIgniter\View\View->CodeIgniter\View\{closure}()
 4 SYSTEMPATH\Common.php(1180): CodeIgniter\View\View->render()
 5 APPPATH\Controllers\BaseController.php(101): view()
 6 APPPATH\Controllers\Home.php(14): App\Controllers\BaseController->render()
 7 SYSTEMPATH\CodeIgniter.php(932): App\Controllers\Home->index()
 8 SYSTEMPATH\CodeIgniter.php(497): CodeIgniter\CodeIgniter->runController()
 9 SYSTEMPATH\CodeIgniter.php(366): CodeIgniter\CodeIgniter->handleRequest()
10 FCPATH\index.php(67): CodeIgniter\CodeIgniter->run()
11 SYSTEMPATH\Commands\Server\rewrite.php(47): require_once('D:\\Work\\default\\public\\index.php')
CRITICAL - 2025-01-14 18:28:07 --> Undefined array key "guideline"
in APPPATH\Views\ybb\home.php on line 145.
 1 APPPATH\Views\ybb\home.php(145): CodeIgniter\Debug\Exceptions->errorHandler()
 2 SYSTEMPATH\View\View.php(224): include('D:\\Work\\default\\app\\Views\\ybb\\home.php')
 3 SYSTEMPATH\View\View.php(227): CodeIgniter\View\View->CodeIgniter\View\{closure}()
 4 SYSTEMPATH\Common.php(1180): CodeIgniter\View\View->render()
 5 APPPATH\Controllers\BaseController.php(101): view()
 6 APPPATH\Controllers\Home.php(15): App\Controllers\BaseController->render()
 7 SYSTEMPATH\CodeIgniter.php(932): App\Controllers\Home->index()
 8 SYSTEMPATH\CodeIgniter.php(497): CodeIgniter\CodeIgniter->runController()
 9 SYSTEMPATH\CodeIgniter.php(366): CodeIgniter\CodeIgniter->handleRequest()
10 FCPATH\index.php(67): CodeIgniter\CodeIgniter->run()
11 SYSTEMPATH\Commands\Server\rewrite.php(47): require_once('D:\\Work\\default\\public\\index.php')
